<?xml version="1.0" encoding="UTF-8"?>
<testsuite name="com.pancm.ApplicationTests" time="0.806" tests="1" errors="1" skipped="0" failures="0">
  <properties>
[...]
</properties>
  <testcase name="sendSimpleMail" classname="com.pancm.ApplicationTests" time="0.806">
    <error message="Authentication failed; nested exception is javax.mail.AuthenticationFailedException: 535 Login Fail. Please enter your authorization code to login. More information in http://service.mail.qq.com/cgi-bin/help?subtype=1&amp;&amp;id=28&amp;&amp;no=1001256&#10;" type="org.springframework.mail.MailAuthenticationException"><![CDATA[org.springframework.mail.MailAuthenticationException: Authentication failed; nested exception is javax.mail.AuthenticationFailedException: 535 Login Fail. Please enter your authorization code to login. More information in http://service.mail.qq.com/cgi-bin/help?subtype=1&&id=28&&no=1001256

	at com.sun.mail.smtp.SMTPTransport$Authenticator.authenticate(SMTPTransport.java:932)
	at com.sun.mail.smtp.SMTPTransport.authenticate(SMTPTransport.java:843)
	at com.sun.mail.smtp.SMTPTransport.protocolConnect(SMTPTransport.java:748)
	at javax.mail.Service.connect(Service.java:366)
	at org.springframework.mail.javamail.JavaMailSenderImpl.connectTransport(JavaMailSenderImpl.java:501)
	at org.springframework.mail.javamail.JavaMailSenderImpl.doSend(JavaMailSenderImpl.java:421)
	at org.springframework.mail.javamail.JavaMailSenderImpl.send(JavaMailSenderImpl.java:307)
	at org.springframework.mail.javamail.JavaMailSenderImpl.send(JavaMailSenderImpl.java:296)
	at com.pancm.ApplicationTests.sendSimpleMail(ApplicationTests.java:27)
]]></error>
    <system-out><![CDATA[14:27:55.991 [main] DEBUG org.springframework.test.context.junit4.SpringJUnit4ClassRunner - SpringJUnit4ClassRunner constructor called with [class com.pancm.ApplicationTests]
14:27:55.994 [main] DEBUG org.springframework.test.context.BootstrapUtils - Instantiating CacheAwareContextLoaderDelegate from class [org.springframework.test.context.cache.DefaultCacheAwareContextLoaderDelegate]
14:27:55.998 [main] DEBUG org.springframework.test.context.BootstrapUtils - Instantiating BootstrapContext using constructor [public org.springframework.test.context.support.DefaultBootstrapContext(java.lang.Class,org.springframework.test.context.CacheAwareContextLoaderDelegate)]
14:27:56.007 [main] DEBUG org.springframework.test.context.BootstrapUtils - Instantiating TestContextBootstrapper for test class [com.pancm.ApplicationTests] from class [org.springframework.boot.test.context.SpringBootTestContextBootstrapper]
14:27:56.015 [main] INFO org.springframework.boot.test.context.SpringBootTestContextBootstrapper - Neither @ContextConfiguration nor @ContextHierarchy found for test class [com.pancm.ApplicationTests], using SpringBootContextLoader
14:27:56.018 [main] DEBUG org.springframework.test.context.support.AbstractContextLoader - Did not detect default resource location for test class [com.pancm.ApplicationTests]: class path resource [com/pancm/ApplicationTests-context.xml] does not exist
14:27:56.018 [main] DEBUG org.springframework.test.context.support.AbstractContextLoader - Did not detect default resource location for test class [com.pancm.ApplicationTests]: class path resource [com/pancm/ApplicationTestsContext.groovy] does not exist
14:27:56.018 [main] INFO org.springframework.test.context.support.AbstractContextLoader - Could not detect default resource locations for test class [com.pancm.ApplicationTests]: no resource found for suffixes {-context.xml, Context.groovy}.
14:27:56.018 [main] INFO org.springframework.test.context.support.AnnotationConfigContextLoaderUtils - Could not detect default configuration classes for test class [com.pancm.ApplicationTests]: ApplicationTests does not declare any static, non-private, non-final, nested classes annotated with @Configuration.
14:27:56.039 [main] DEBUG org.springframework.test.context.support.ActiveProfilesUtils - Could not find an 'annotation declaring class' for annotation type [org.springframework.test.context.ActiveProfiles] and class [com.pancm.ApplicationTests]
14:27:56.043 [main] DEBUG org.springframework.core.env.StandardEnvironment - Adding PropertySource 'systemProperties' with lowest search precedence
14:27:56.043 [main] DEBUG org.springframework.core.env.StandardEnvironment - Adding PropertySource 'systemEnvironment' with lowest search precedence
14:27:56.044 [main] DEBUG org.springframework.core.env.StandardEnvironment - Initialized StandardEnvironment with PropertySources [MapPropertySource@489279267 {name='systemProperties', properties={java.runtime.name=Java(TM) SE Runtime Environment, sun.boot.library.path=C:\Program Files\Java\jdk1.8.0_144\jre\bin, java.vm.version=25.144-b01, java.vm.vendor=Oracle Corporation, java.vendor.url=http://java.oracle.com/, path.separator=;, java.vm.name=Java HotSpot(TM) 64-Bit Server VM, file.encoding.pkg=sun.io, user.country=CN, user.script=, sun.java.launcher=SUN_STANDARD, sun.os.patch.level=, java.vm.specification.name=Java Virtual Machine Specification, user.dir=C:\Users\cola1\Desktop\Study\Java\springBoot-study\springboot-mail, java.runtime.version=1.8.0_144-b01, basedir=C:\Users\cola1\Desktop\Study\Java\springBoot-study\springboot-mail, java.awt.graphicsenv=sun.awt.Win32GraphicsEnvironment, java.endorsed.dirs=C:\Program Files\Java\jdk1.8.0_144\jre\lib\endorsed, os.arch=amd64, surefire.real.class.path=C:\Users\cola1\Desktop\Study\Java\springBoot-study\springboot-mail\target\surefire\surefirebooter145893742816010356.jar, java.io.tmpdir=C:\Users\cola1\AppData\Local\Temp\, line.separator=
, java.vm.specification.vendor=Oracle Corporation, user.variant=, os.name=Windows 10, sun.jnu.encoding=GBK, java.library.path=C:\Program Files\Java\jdk1.8.0_144\jre\bin;C:\Windows\Sun\Java\bin;C:\Windows\system32;C:\Windows;C:\Program Files\Git\mingw64\bin;C:\Program Files\Git\usr\bin;C:\Users\cola1\bin;D:\Program Files (x86)\VMware\VMware Workstation\bin;C:\Python311\Scripts;C:\Python311;C:\ProgramData\Oracle\Java\javapath;C:\Windows\system32;C:\Windows;C:\Windows\System32\Wbem;C:\Windows\System32\WindowsPowerShell\v1.0;C:\Windows\System32\OpenSSH;C:\Program Files\dotnet;C:\Program Files\Git\cmd;C:\Program Files\TortoiseGit\bin;C:\Program Files (x86)\NetSarang\Xftp 7;C:\ProgramData\chocolatey\bin;C:\Program Files (x86)\NetSarang\Xshell 7;C:\Program Files\Java\jdk1.8.0_144\bin;C:\Program Files\Java\jre1.8.0_144\bin;D:\apache-maven-3.8.6\bin;C:\Users\cola1\AppData\Roaming\nvm;C:\Program Files\nodejs;C:\Program Files\Go\bin;D:\Program Files (x86)\Tencent\微信web开发者工具\dll;C:\Program Files\Redis;C:\Users\cola1\.pyenv\pyenv-win\bin;C:\Users\cola1\.pyenv\pyenv-win\shims;C:\Users\cola1\AppData\Local\Programs\Python\Python310\Scripts;C:\Users\cola1\AppData\Local\Programs\Python\Python310;C:\Users\cola1\AppData\Local\Microsoft\WindowsApps;C:\Users\cola1\AppData\Local\Programs\Microsoft VS Code\bin;C:\Users\cola1\.windows-build-tools\python27;D:\Program Files\JetBrains\IntelliJ IDEA Community Edition 2022.1.3\bin;C:\Users\cola1\AppData\Roaming\nvm;C:\Program Files\nodejs;C:\Users\cola1\go\bin;., surefire.test.class.path=C:\Users\cola1\Desktop\Study\Java\springBoot-study\springboot-mail\target\test-classes;C:\Users\cola1\Desktop\Study\Java\springBoot-study\springboot-mail\target\classes;C:\Users\cola1\.m2\repository\org\springframework\boot\spring-boot-starter-web\1.5.9.RELEASE\spring-boot-starter-web-1.5.9.RELEASE.jar;C:\Users\cola1\.m2\repository\org\springframework\boot\spring-boot-starter\1.5.9.RELEASE\spring-boot-starter-1.5.9.RELEASE.jar;C:\Users\cola1\.m2\repository\org\springframework\boot\spring-boot-starter-logging\1.5.9.RELEASE\spring-boot-starter-logging-1.5.9.RELEASE.jar;C:\Users\cola1\.m2\repository\ch\qos\logback\logback-classic\1.1.11\logback-classic-1.1.11.jar;C:\Users\cola1\.m2\repository\ch\qos\logback\logback-core\1.1.11\logback-core-1.1.11.jar;C:\Users\cola1\.m2\repository\org\slf4j\jcl-over-slf4j\1.7.25\jcl-over-slf4j-1.7.25.jar;C:\Users\cola1\.m2\repository\org\slf4j\jul-to-slf4j\1.7.25\jul-to-slf4j-1.7.25.jar;C:\Users\cola1\.m2\repository\org\slf4j\log4j-over-slf4j\1.7.25\log4j-over-slf4j-1.7.25.jar;C:\Users\cola1\.m2\repository\org\yaml\snakeyaml\1.17\snakeyaml-1.17.jar;C:\Users\cola1\.m2\repository\org\springframework\boot\spring-boot-starter-tomcat\1.5.9.RELEASE\spring-boot-starter-tomcat-1.5.9.RELEASE.jar;C:\Users\cola1\.m2\repository\org\apache\tomcat\embed\tomcat-embed-core\8.5.23\tomcat-embed-core-8.5.23.jar;C:\Users\cola1\.m2\repository\org\apache\tomcat\tomcat-annotations-api\8.5.23\tomcat-annotations-api-8.5.23.jar;C:\Users\cola1\.m2\repository\org\apache\tomcat\embed\tomcat-embed-el\8.5.23\tomcat-embed-el-8.5.23.jar;C:\Users\cola1\.m2\repository\org\apache\tomcat\embed\tomcat-embed-websocket\8.5.23\tomcat-embed-websocket-8.5.23.jar;C:\Users\cola1\.m2\repository\org\hibernate\hibernate-validator\5.3.6.Final\hibernate-validator-5.3.6.Final.jar;C:\Users\cola1\.m2\repository\javax\validation\validation-api\1.1.0.Final\validation-api-1.1.0.Final.jar;C:\Users\cola1\.m2\repository\org\jboss\logging\jboss-logging\3.3.1.Final\jboss-logging-3.3.1.Final.jar;C:\Users\cola1\.m2\repository\com\fasterxml\classmate\1.3.4\classmate-1.3.4.jar;C:\Users\cola1\.m2\repository\com\fasterxml\jackson\core\jackson-databind\2.8.10\jackson-databind-2.8.10.jar;C:\Users\cola1\.m2\repository\com\fasterxml\jackson\core\jackson-annotations\2.8.0\jackson-annotations-2.8.0.jar;C:\Users\cola1\.m2\repository\com\fasterxml\jackson\core\jackson-core\2.8.10\jackson-core-2.8.10.jar;C:\Users\cola1\.m2\repository\org\springframework\spring-web\4.3.13.RELEASE\spring-web-4.3.13.RELEASE.jar;C:\Users\cola1\.m2\repository\org\springframework\spring-aop\4.3.13.RELEASE\spring-aop-4.3.13.RELEASE.jar;C:\Users\cola1\.m2\repository\org\springframework\spring-webmvc\4.3.13.RELEASE\spring-webmvc-4.3.13.RELEASE.jar;C:\Users\cola1\.m2\repository\org\springframework\spring-expression\4.3.13.RELEASE\spring-expression-4.3.13.RELEASE.jar;C:\Users\cola1\.m2\repository\org\springframework\boot\spring-boot-starter-test\1.5.9.RELEASE\spring-boot-starter-test-1.5.9.RELEASE.jar;C:\Users\cola1\.m2\repository\org\springframework\boot\spring-boot-test\1.5.9.RELEASE\spring-boot-test-1.5.9.RELEASE.jar;C:\Users\cola1\.m2\repository\org\springframework\boot\spring-boot-test-autoconfigure\1.5.9.RELEASE\spring-boot-test-autoconfigure-1.5.9.RELEASE.jar;C:\Users\cola1\.m2\repository\com\jayway\jsonpath\json-path\2.2.0\json-path-2.2.0.jar;C:\Users\cola1\.m2\repository\net\minidev\json-smart\2.2.1\json-smart-2.2.1.jar;C:\Users\cola1\.m2\repository\net\minidev\accessors-smart\1.1\accessors-smart-1.1.jar;C:\Users\cola1\.m2\repository\org\ow2\asm\asm\5.0.3\asm-5.0.3.jar;C:\Users\cola1\.m2\repository\org\slf4j\slf4j-api\1.7.25\slf4j-api-1.7.25.jar;C:\Users\cola1\.m2\repository\junit\junit\4.12\junit-4.12.jar;C:\Users\cola1\.m2\repository\org\assertj\assertj-core\2.6.0\assertj-core-2.6.0.jar;C:\Users\cola1\.m2\repository\org\mockito\mockito-core\1.10.19\mockito-core-1.10.19.jar;C:\Users\cola1\.m2\repository\org\objenesis\objenesis\2.1\objenesis-2.1.jar;C:\Users\cola1\.m2\repository\org\hamcrest\hamcrest-core\1.3\hamcrest-core-1.3.jar;C:\Users\cola1\.m2\repository\org\hamcrest\hamcrest-library\1.3\hamcrest-library-1.3.jar;C:\Users\cola1\.m2\repository\org\skyscreamer\jsonassert\1.4.0\jsonassert-1.4.0.jar;C:\Users\cola1\.m2\repository\com\vaadin\external\google\android-json\0.0.20131108.vaadin1\android-json-0.0.20131108.vaadin1.jar;C:\Users\cola1\.m2\repository\org\springframework\spring-core\4.3.13.RELEASE\spring-core-4.3.13.RELEASE.jar;C:\Users\cola1\.m2\repository\org\springframework\spring-test\4.3.13.RELEASE\spring-test-4.3.13.RELEASE.jar;C:\Users\cola1\.m2\repository\org\springframework\boot\spring-boot-starter-mail\1.5.9.RELEASE\spring-boot-starter-mail-1.5.9.RELEASE.jar;C:\Users\cola1\.m2\repository\org\springframework\spring-context\4.3.13.RELEASE\spring-context-4.3.13.RELEASE.jar;C:\Users\cola1\.m2\repository\com\sun\mail\javax.mail\1.5.6\javax.mail-1.5.6.jar;C:\Users\cola1\.m2\repository\javax\activation\activation\1.1\activation-1.1.jar;C:\Users\cola1\.m2\repository\org\springframework\boot\spring-boot-starter-thymeleaf\1.5.9.RELEASE\spring-boot-starter-thymeleaf-1.5.9.RELEASE.jar;C:\Users\cola1\.m2\repository\org\thymeleaf\thymeleaf-spring4\2.1.6.RELEASE\thymeleaf-spring4-2.1.6.RELEASE.jar;C:\Users\cola1\.m2\repository\org\thymeleaf\thymeleaf\2.1.6.RELEASE\thymeleaf-2.1.6.RELEASE.jar;C:\Users\cola1\.m2\repository\ognl\ognl\3.0.8\ognl-3.0.8.jar;C:\Users\cola1\.m2\repository\org\javassist\javassist\3.21.0-GA\javassist-3.21.0-GA.jar;C:\Users\cola1\.m2\repository\org\unbescape\unbescape\1.1.0.RELEASE\unbescape-1.1.0.RELEASE.jar;C:\Users\cola1\.m2\repository\nz\net\ultraq\thymeleaf\thymeleaf-layout-dialect\1.4.0\thymeleaf-layout-dialect-1.4.0.jar;C:\Users\cola1\.m2\repository\org\codehaus\groovy\groovy\2.4.13\groovy-2.4.13.jar;C:\Users\cola1\.m2\repository\org\springframework\spring-context-support\4.3.13.RELEASE\spring-context-support-4.3.13.RELEASE.jar;C:\Users\cola1\.m2\repository\org\springframework\spring-beans\4.3.13.RELEASE\spring-beans-4.3.13.RELEASE.jar;C:\Users\cola1\.m2\repository\org\springframework\boot\spring-boot-devtools\1.5.9.RELEASE\spring-boot-devtools-1.5.9.RELEASE.jar;C:\Users\cola1\.m2\repository\org\springframework\boot\spring-boot\1.5.9.RELEASE\spring-boot-1.5.9.RELEASE.jar;C:\Users\cola1\.m2\repository\org\springframework\boot\spring-boot-autoconfigure\1.5.9.RELEASE\spring-boot-autoconfigure-1.5.9.RELEASE.jar;, java.specification.name=Java Platform API Specification, java.class.version=52.0, sun.management.compiler=HotSpot 64-Bit Tiered Compilers, os.version=10.0, user.home=C:\Users\cola1, user.timezone=Asia/Shanghai, java.awt.printerjob=sun.awt.windows.WPrinterJob, file.encoding=GBK, java.specification.version=1.8, java.class.path=C:\Users\cola1\Desktop\Study\Java\springBoot-study\springboot-mail\target\test-classes;C:\Users\cola1\Desktop\Study\Java\springBoot-study\springboot-mail\target\classes;C:\Users\cola1\.m2\repository\org\springframework\boot\spring-boot-starter-web\1.5.9.RELEASE\spring-boot-starter-web-1.5.9.RELEASE.jar;C:\Users\cola1\.m2\repository\org\springframework\boot\spring-boot-starter\1.5.9.RELEASE\spring-boot-starter-1.5.9.RELEASE.jar;C:\Users\cola1\.m2\repository\org\springframework\boot\spring-boot-starter-logging\1.5.9.RELEASE\spring-boot-starter-logging-1.5.9.RELEASE.jar;C:\Users\cola1\.m2\repository\ch\qos\logback\logback-classic\1.1.11\logback-classic-1.1.11.jar;C:\Users\cola1\.m2\repository\ch\qos\logback\logback-core\1.1.11\logback-core-1.1.11.jar;C:\Users\cola1\.m2\repository\org\slf4j\jcl-over-slf4j\1.7.25\jcl-over-slf4j-1.7.25.jar;C:\Users\cola1\.m2\repository\org\slf4j\jul-to-slf4j\1.7.25\jul-to-slf4j-1.7.25.jar;C:\Users\cola1\.m2\repository\org\slf4j\log4j-over-slf4j\1.7.25\log4j-over-slf4j-1.7.25.jar;C:\Users\cola1\.m2\repository\org\yaml\snakeyaml\1.17\snakeyaml-1.17.jar;C:\Users\cola1\.m2\repository\org\springframework\boot\spring-boot-starter-tomcat\1.5.9.RELEASE\spring-boot-starter-tomcat-1.5.9.RELEASE.jar;C:\Users\cola1\.m2\repository\org\apache\tomcat\embed\tomcat-embed-core\8.5.23\tomcat-embed-core-8.5.23.jar;C:\Users\cola1\.m2\repository\org\apache\tomcat\tomcat-annotations-api\8.5.23\tomcat-annotations-api-8.5.23.jar;C:\Users\cola1\.m2\repository\org\apache\tomcat\embed\tomcat-embed-el\8.5.23\tomcat-embed-el-8.5.23.jar;C:\Users\cola1\.m2\repository\org\apache\tomcat\embed\tomcat-embed-websocket\8.5.23\tomcat-embed-websocket-8.5.23.jar;C:\Users\cola1\.m2\repository\org\hibernate\hibernate-validator\5.3.6.Final\hibernate-validator-5.3.6.Final.jar;C:\Users\cola1\.m2\repository\javax\validation\validation-api\1.1.0.Final\validation-api-1.1.0.Final.jar;C:\Users\cola1\.m2\repository\org\jboss\logging\jboss-logging\3.3.1.Final\jboss-logging-3.3.1.Final.jar;C:\Users\cola1\.m2\repository\com\fasterxml\classmate\1.3.4\classmate-1.3.4.jar;C:\Users\cola1\.m2\repository\com\fasterxml\jackson\core\jackson-databind\2.8.10\jackson-databind-2.8.10.jar;C:\Users\cola1\.m2\repository\com\fasterxml\jackson\core\jackson-annotations\2.8.0\jackson-annotations-2.8.0.jar;C:\Users\cola1\.m2\repository\com\fasterxml\jackson\core\jackson-core\2.8.10\jackson-core-2.8.10.jar;C:\Users\cola1\.m2\repository\org\springframework\spring-web\4.3.13.RELEASE\spring-web-4.3.13.RELEASE.jar;C:\Users\cola1\.m2\repository\org\springframework\spring-aop\4.3.13.RELEASE\spring-aop-4.3.13.RELEASE.jar;C:\Users\cola1\.m2\repository\org\springframework\spring-webmvc\4.3.13.RELEASE\spring-webmvc-4.3.13.RELEASE.jar;C:\Users\cola1\.m2\repository\org\springframework\spring-expression\4.3.13.RELEASE\spring-expression-4.3.13.RELEASE.jar;C:\Users\cola1\.m2\repository\org\springframework\boot\spring-boot-starter-test\1.5.9.RELEASE\spring-boot-starter-test-1.5.9.RELEASE.jar;C:\Users\cola1\.m2\repository\org\springframework\boot\spring-boot-test\1.5.9.RELEASE\spring-boot-test-1.5.9.RELEASE.jar;C:\Users\cola1\.m2\repository\org\springframework\boot\spring-boot-test-autoconfigure\1.5.9.RELEASE\spring-boot-test-autoconfigure-1.5.9.RELEASE.jar;C:\Users\cola1\.m2\repository\com\jayway\jsonpath\json-path\2.2.0\json-path-2.2.0.jar;C:\Users\cola1\.m2\repository\net\minidev\json-smart\2.2.1\json-smart-2.2.1.jar;C:\Users\cola1\.m2\repository\net\minidev\accessors-smart\1.1\accessors-smart-1.1.jar;C:\Users\cola1\.m2\repository\org\ow2\asm\asm\5.0.3\asm-5.0.3.jar;C:\Users\cola1\.m2\repository\org\slf4j\slf4j-api\1.7.25\slf4j-api-1.7.25.jar;C:\Users\cola1\.m2\repository\junit\junit\4.12\junit-4.12.jar;C:\Users\cola1\.m2\repository\org\assertj\assertj-core\2.6.0\assertj-core-2.6.0.jar;C:\Users\cola1\.m2\repository\org\mockito\mockito-core\1.10.19\mockito-core-1.10.19.jar;C:\Users\cola1\.m2\repository\org\objenesis\objenesis\2.1\objenesis-2.1.jar;C:\Users\cola1\.m2\repository\org\hamcrest\hamcrest-core\1.3\hamcrest-core-1.3.jar;C:\Users\cola1\.m2\repository\org\hamcrest\hamcrest-library\1.3\hamcrest-library-1.3.jar;C:\Users\cola1\.m2\repository\org\skyscreamer\jsonassert\1.4.0\jsonassert-1.4.0.jar;C:\Users\cola1\.m2\repository\com\vaadin\external\google\android-json\0.0.20131108.vaadin1\android-json-0.0.20131108.vaadin1.jar;C:\Users\cola1\.m2\repository\org\springframework\spring-core\4.3.13.RELEASE\spring-core-4.3.13.RELEASE.jar;C:\Users\cola1\.m2\repository\org\springframework\spring-test\4.3.13.RELEASE\spring-test-4.3.13.RELEASE.jar;C:\Users\cola1\.m2\repository\org\springframework\boot\spring-boot-starter-mail\1.5.9.RELEASE\spring-boot-starter-mail-1.5.9.RELEASE.jar;C:\Users\cola1\.m2\repository\org\springframework\spring-context\4.3.13.RELEASE\spring-context-4.3.13.RELEASE.jar;C:\Users\cola1\.m2\repository\com\sun\mail\javax.mail\1.5.6\javax.mail-1.5.6.jar;C:\Users\cola1\.m2\repository\javax\activation\activation\1.1\activation-1.1.jar;C:\Users\cola1\.m2\repository\org\springframework\boot\spring-boot-starter-thymeleaf\1.5.9.RELEASE\spring-boot-starter-thymeleaf-1.5.9.RELEASE.jar;C:\Users\cola1\.m2\repository\org\thymeleaf\thymeleaf-spring4\2.1.6.RELEASE\thymeleaf-spring4-2.1.6.RELEASE.jar;C:\Users\cola1\.m2\repository\org\thymeleaf\thymeleaf\2.1.6.RELEASE\thymeleaf-2.1.6.RELEASE.jar;C:\Users\cola1\.m2\repository\ognl\ognl\3.0.8\ognl-3.0.8.jar;C:\Users\cola1\.m2\repository\org\javassist\javassist\3.21.0-GA\javassist-3.21.0-GA.jar;C:\Users\cola1\.m2\repository\org\unbescape\unbescape\1.1.0.RELEASE\unbescape-1.1.0.RELEASE.jar;C:\Users\cola1\.m2\repository\nz\net\ultraq\thymeleaf\thymeleaf-layout-dialect\1.4.0\thymeleaf-layout-dialect-1.4.0.jar;C:\Users\cola1\.m2\repository\org\codehaus\groovy\groovy\2.4.13\groovy-2.4.13.jar;C:\Users\cola1\.m2\repository\org\springframework\spring-context-support\4.3.13.RELEASE\spring-context-support-4.3.13.RELEASE.jar;C:\Users\cola1\.m2\repository\org\springframework\spring-beans\4.3.13.RELEASE\spring-beans-4.3.13.RELEASE.jar;C:\Users\cola1\.m2\repository\org\springframework\boot\spring-boot-devtools\1.5.9.RELEASE\spring-boot-devtools-1.5.9.RELEASE.jar;C:\Users\cola1\.m2\repository\org\springframework\boot\spring-boot\1.5.9.RELEASE\spring-boot-1.5.9.RELEASE.jar;C:\Users\cola1\.m2\repository\org\springframework\boot\spring-boot-autoconfigure\1.5.9.RELEASE\spring-boot-autoconfigure-1.5.9.RELEASE.jar;, user.name=cola1, java.vm.specification.version=1.8, sun.java.command=C:\Users\cola1\Desktop\Study\Java\springBoot-study\springboot-mail\target\surefire\surefirebooter145893742816010356.jar C:\Users\cola1\Desktop\Study\Java\springBoot-study\springboot-mail\target\surefire\surefire8331146351105245221tmp C:\Users\cola1\Desktop\Study\Java\springBoot-study\springboot-mail\target\surefire\surefire_05912693338484226999tmp, java.home=C:\Program Files\Java\jdk1.8.0_144\jre, sun.arch.data.model=64, user.language=zh, java.specification.vendor=Oracle Corporation, awt.toolkit=sun.awt.windows.WToolkit, java.vm.info=mixed mode, java.version=1.8.0_144, java.ext.dirs=C:\Program Files\Java\jdk1.8.0_144\jre\lib\ext;C:\Windows\Sun\Java\lib\ext, sun.boot.class.path=C:\Program Files\Java\jdk1.8.0_144\jre\lib\resources.jar;C:\Program Files\Java\jdk1.8.0_144\jre\lib\rt.jar;C:\Program Files\Java\jdk1.8.0_144\jre\lib\sunrsasign.jar;C:\Program Files\Java\jdk1.8.0_144\jre\lib\jsse.jar;C:\Program Files\Java\jdk1.8.0_144\jre\lib\jce.jar;C:\Program Files\Java\jdk1.8.0_144\jre\lib\charsets.jar;C:\Program Files\Java\jdk1.8.0_144\jre\lib\jfr.jar;C:\Program Files\Java\jdk1.8.0_144\jre\classes, java.vendor=Oracle Corporation, localRepository=C:\Users\cola1\.m2\repository, file.separator=\, java.vendor.url.bug=http://bugreport.sun.com/bugreport/, sun.io.unicode.encoding=UnicodeLittle, sun.cpu.endian=little, sun.desktop=windows, sun.cpu.isalist=amd64}}, SystemEnvironmentPropertySource@1596467899 {name='systemEnvironment', properties={PATH=C:\Program Files\Git\mingw64\bin;C:\Program Files\Git\usr\bin;C:\Users\cola1\bin;D:\Program Files (x86)\VMware\VMware Workstation\bin;C:\Python311\Scripts;C:\Python311;C:\ProgramData\Oracle\Java\javapath;C:\Windows\system32;C:\Windows;C:\Windows\System32\Wbem;C:\Windows\System32\WindowsPowerShell\v1.0;C:\Windows\System32\OpenSSH;C:\Program Files\dotnet;C:\Program Files\Git\cmd;C:\Program Files\TortoiseGit\bin;C:\Program Files (x86)\NetSarang\Xftp 7;C:\ProgramData\chocolatey\bin;C:\Program Files (x86)\NetSarang\Xshell 7;C:\Program Files\Java\jdk1.8.0_144\bin;C:\Program Files\Java\jre1.8.0_144\bin;D:\apache-maven-3.8.6\bin;C:\Users\cola1\AppData\Roaming\nvm;C:\Program Files\nodejs;C:\Program Files\Go\bin;D:\Program Files (x86)\Tencent\微信web开发者工具\dll;C:\Program Files\Redis;C:\Users\cola1\.pyenv\pyenv-win\bin;C:\Users\cola1\.pyenv\pyenv-win\shims;C:\Users\cola1\AppData\Local\Programs\Python\Python310\Scripts;C:\Users\cola1\AppData\Local\Programs\Python\Python310;C:\Users\cola1\AppData\Local\Microsoft\WindowsApps;C:\Users\cola1\AppData\Local\Programs\Microsoft VS Code\bin;C:\Users\cola1\.windows-build-tools\python27;D:\Program Files\JetBrains\IntelliJ IDEA Community Edition 2022.1.3\bin;C:\Users\cola1\AppData\Roaming\nvm;C:\Program Files\nodejs;C:\Users\cola1\go\bin, USERDOMAIN_ROAMINGPROFILE=GUANXH, JAVA_HOME_JRE=C:\Program Files\Java\jre1.8.0_144, NVM_SYMLINK=C:\Program Files\nodejs, PROCESSOR_LEVEL=6, SYSTEMDRIVE=C:, SESSIONNAME=Console, ALLUSERSPROFILE=C:\ProgramData, PROCESSOR_ARCHITECTURE=AMD64, GATEWAY_VM_OPTIONS=D:\jetbra\vmoptions\gateway.vmoptions, DRIVERDATA=C:\Windows\System32\Drivers\DriverData, PROGRAMFILES=C:\Program Files, MOZ_PLUGIN_PATH=C:\Program Files (x86)\Foxit Software\Foxit PDF Reader\plugins\, PSMODULEPATH=C:\Program Files\WindowsPowerShell\Modules;C:\Windows\system32\WindowsPowerShell\v1.0\Modules, RIDER_VM_OPTIONS=D:\jetbra\vmoptions\rider.vmoptions, PROGRAMDATA=C:\ProgramData, CHOCOLATEYLASTPATHUPDATE=132957301595852120, USERNAME=cola1, DEVECOSTUDIO_VM_OPTIONS=D:\jetbra\vmoptions\devecostudio.vmoptions, POSTMAN_DISABLE_GPU=true, PWD=C:/Users/cola1/Desktop/Study/Java/springBoot-study/springboot-mail, STUDIO_VM_OPTIONS=D:\jetbra\vmoptions\studio.vmoptions, ONEDRIVE=C:\Users\cola1\OneDrive, PATHEXT=.COM;.EXE;.BAT;.CMD;.VBS;.VBE;.JS;.JSE;.WSF;.WSH;.MSC;.PY;.PYW, APPCODE_VM_OPTIONS=D:\jetbra\vmoptions\appcode.vmoptions, ONEDRIVECONSUMER=C:\Users\cola1\OneDrive, PYENV_HOME=C:\Users\cola1\.pyenv\pyenv-win\, PYENV_ROOT=C:\Users\cola1\.pyenv\pyenv-win\, GOPATH=C:\Users\cola1\go, OLDPWD=C:/Users/cola1/Desktop/Study/Java/springBoot-study/springboot-mail, WINDIR=C:\Windows, DATASPELL_VM_OPTIONS=D:\jetbra\vmoptions\dataspell.vmoptions, HOMEPATH=\Users\cola1, PYENV=C:\Users\cola1\.pyenv\pyenv-win\, TERM_SESSION_ID=2f3054e7-9594-46ba-9c2b-cca8b535c5fb, PROCESSOR_IDENTIFIER=Intel64 Family 6 Model 154 Stepping 3, GenuineIntel, M2_HOME=D:\apache-maven-3.8.6, PUBLIC=C:\Users\Public, =::=::\, EXEPATH=C:\Program Files\Git\bin, SHLVL=1, ZES_ENABLE_SYSMAN=1, DATAGRIP_VM_OPTIONS=D:\jetbra\vmoptions\datagrip.vmoptions, LOCALAPPDATA=C:\Users\cola1\AppData\Local, COMMONPROGRAMFILES(X86)=C:\Program Files (x86)\Common Files, USERDOMAIN=GUANXH, LOGONSERVER=\\GUANXH, PYCHARM_VM_OPTIONS=D:\jetbra\vmoptions\pycharm.vmoptions, WEBSTORM_VM_OPTIONS=D:\jetbra\vmoptions\webstorm.vmoptions, JAVA_HOME=C:/Program Files/Java/jdk1.8.0_144, PLINK_PROTOCOL=ssh, PROMPT=$P$G, CLION_VM_OPTIONS=D:\jetbra\vmoptions\clion.vmoptions, JETBRAINSCLIENT_VM_OPTIONS=D:\jetbra\vmoptions\jetbrainsclient.vmoptions, PROGRAMFILES(X86)=C:\Program Files (x86), TERM=xterm-256color, ASL.LOG=Destination=file, GOLAND_VM_OPTIONS=D:\jetbra\vmoptions\goland.vmoptions, MSYSTEM=MINGW64, =C:=C:\Users\cola1\Desktop\Study\Java\springBoot-study\springboot-mail, APPDATA=C:\Users\cola1\AppData\Roaming, IDEA_VM_OPTIONS=D:\jetbra\vmoptions\idea.vmoptions, PROGRAMW6432=C:\Program Files, SYSTEMROOT=C:\Windows, CHOCOLATEYINSTALL=C:\ProgramData\chocolatey, RUBYMINE_VM_OPTIONS=D:\jetbra\vmoptions\rubymine.vmoptions, JETBRAINS_CLIENT_VM_OPTIONS=D:\jetbra\vmoptions\jetbrains_client.vmoptions, MAVEN_CMD_LINE_ARGS= clean install -U, OS=Windows_NT, COMMONPROGRAMW6432=C:\Program Files\Common Files, COMPUTERNAME=GUANXH, INTELLIJ IDEA COMMUNITY EDITION=D:\Program Files\JetBrains\IntelliJ IDEA Community Edition 2022.1.3\bin;, COMMONPROGRAMFILES=C:\Program Files\Common Files, COMSPEC=C:\Windows\system32\cmd.exe, MAVEN_PROJECTBASEDIR=C:/Users/cola1/Desktop/Study/Java/springBoot-study/springboot-mail, NVM_HOME=C:\Users\cola1\AppData\Roaming\nvm, PROCESSOR_REVISION=9a03, CLASSPATH=.;JAVA_HOME%\lib;C:\Program Files\Java\jdk1.8.0_144\lib\dt.jar;C:\Program Files\Java\jdk1.8.0_144\lib\tools.jar, TERMINAL_EMULATOR=JetBrains-JediTerm, TEMP=C:\Users\cola1\AppData\Local\Temp, WEBIDE_VM_OPTIONS=D:\jetbra\vmoptions\webide.vmoptions, HOMEDRIVE=C:, USERPROFILE=C:\Users\cola1, TMP=C:\Users\cola1\AppData\Local\Temp, NUMBER_OF_PROCESSORS=16, PHPSTORM_VM_OPTIONS=D:\jetbra\vmoptions\phpstorm.vmoptions, IDEA_INITIAL_DIRECTORY=C:\Program Files\JetBrains\IntelliJ IDEA 2023.1.1\bin, HOME=C:\Users\cola1}}]
14:27:56.052 [main] DEBUG org.springframework.core.io.support.PathMatchingResourcePatternResolver - Resolved classpath location [com/pancm/] to resources [URL [file:/C:/Users/cola1/Desktop/Study/Java/springBoot-study/springboot-mail/target/test-classes/com/pancm/], URL [file:/C:/Users/cola1/Desktop/Study/Java/springBoot-study/springboot-mail/target/classes/com/pancm/]]
14:27:56.052 [main] DEBUG org.springframework.core.io.support.PathMatchingResourcePatternResolver - Looking for matching resources in directory tree [C:\Users\cola1\Desktop\Study\Java\springBoot-study\springboot-mail\target\test-classes\com\pancm]
14:27:56.052 [main] DEBUG org.springframework.core.io.support.PathMatchingResourcePatternResolver - Searching directory [C:\Users\cola1\Desktop\Study\Java\springBoot-study\springboot-mail\target\test-classes\com\pancm] for files matching pattern [C:/Users/cola1/Desktop/Study/Java/springBoot-study/springboot-mail/target/test-classes/com/pancm/*.class]
14:27:56.054 [main] DEBUG org.springframework.core.io.support.PathMatchingResourcePatternResolver - Looking for matching resources in directory tree [C:\Users\cola1\Desktop\Study\Java\springBoot-study\springboot-mail\target\classes\com\pancm]
14:27:56.054 [main] DEBUG org.springframework.core.io.support.PathMatchingResourcePatternResolver - Searching directory [C:\Users\cola1\Desktop\Study\Java\springBoot-study\springboot-mail\target\classes\com\pancm] for files matching pattern [C:/Users/cola1/Desktop/Study/Java/springBoot-study/springboot-mail/target/classes/com/pancm/*.class]
14:27:56.054 [main] DEBUG org.springframework.core.io.support.PathMatchingResourcePatternResolver - Resolved location pattern [classpath*:com/pancm/*.class] to resources [file [C:\Users\cola1\Desktop\Study\Java\springBoot-study\springboot-mail\target\test-classes\com\pancm\ApplicationTests.class], file [C:\Users\cola1\Desktop\Study\Java\springBoot-study\springboot-mail\target\classes\com\pancm\MailApp.class]]
14:27:56.086 [main] DEBUG org.springframework.context.annotation.ClassPathScanningCandidateComponentProvider - Identified candidate component class: file [C:\Users\cola1\Desktop\Study\Java\springBoot-study\springboot-mail\target\classes\com\pancm\MailApp.class]
14:27:56.087 [main] INFO org.springframework.boot.test.context.SpringBootTestContextBootstrapper - Found @SpringBootConfiguration com.pancm.MailApp for test class com.pancm.ApplicationTests
14:27:56.090 [main] DEBUG org.springframework.boot.test.context.SpringBootTestContextBootstrapper - @TestExecutionListeners is not present for class [com.pancm.ApplicationTests]: using defaults.
14:27:56.092 [main] INFO org.springframework.boot.test.context.SpringBootTestContextBootstrapper - Loaded default TestExecutionListener class names from location [META-INF/spring.factories]: [org.springframework.boot.test.mock.mockito.MockitoTestExecutionListener, org.springframework.boot.test.mock.mockito.ResetMocksTestExecutionListener, org.springframework.boot.test.autoconfigure.restdocs.RestDocsTestExecutionListener, org.springframework.boot.test.autoconfigure.web.client.MockRestServiceServerResetTestExecutionListener, org.springframework.boot.test.autoconfigure.web.servlet.MockMvcPrintOnlyOnFailureTestExecutionListener, org.springframework.boot.test.autoconfigure.web.servlet.WebDriverTestExecutionListener, org.springframework.test.context.web.ServletTestExecutionListener, org.springframework.test.context.support.DirtiesContextBeforeModesTestExecutionListener, org.springframework.test.context.support.DependencyInjectionTestExecutionListener, org.springframework.test.context.support.DirtiesContextTestExecutionListener, org.springframework.test.context.transaction.TransactionalTestExecutionListener, org.springframework.test.context.jdbc.SqlScriptsTestExecutionListener]
14:27:56.101 [main] INFO org.springframework.boot.test.context.SpringBootTestContextBootstrapper - Could not instantiate TestExecutionListener [org.springframework.test.context.jdbc.SqlScriptsTestExecutionListener]. Specify custom listener classes or make the default listener classes (and their required dependencies) available. Offending class: [org/springframework/transaction/interceptor/TransactionAttribute]
14:27:56.102 [main] INFO org.springframework.boot.test.context.SpringBootTestContextBootstrapper - Could not instantiate TestExecutionListener [org.springframework.test.context.transaction.TransactionalTestExecutionListener]. Specify custom listener classes or make the default listener classes (and their required dependencies) available. Offending class: [org/springframework/transaction/interceptor/TransactionAttributeSource]
14:27:56.102 [main] INFO org.springframework.boot.test.context.SpringBootTestContextBootstrapper - Using TestExecutionListeners: [org.springframework.test.context.web.ServletTestExecutionListener@3bd94634, org.springframework.test.context.support.DirtiesContextBeforeModesTestExecutionListener@58a90037, org.springframework.boot.test.autoconfigure.SpringBootDependencyInjectionTestExecutionListener@74294adb, org.springframework.test.context.support.DirtiesContextTestExecutionListener@70a9f84e, org.springframework.boot.test.autoconfigure.web.servlet.MockMvcPrintOnlyOnFailureTestExecutionListener@130f889, org.springframework.boot.test.mock.mockito.ResetMocksTestExecutionListener@1188e820, org.springframework.boot.test.mock.mockito.MockitoTestExecutionListener@2f490758, org.springframework.boot.test.autoconfigure.web.client.MockRestServiceServerResetTestExecutionListener@101df177, org.springframework.boot.test.autoconfigure.web.servlet.WebDriverTestExecutionListener@166fa74d, org.springframework.boot.test.autoconfigure.restdocs.RestDocsTestExecutionListener@40f08448]
14:27:56.103 [main] DEBUG org.springframework.test.annotation.ProfileValueUtils - Retrieved @ProfileValueSourceConfiguration [null] for test class [com.pancm.ApplicationTests]
14:27:56.104 [main] DEBUG org.springframework.test.annotation.ProfileValueUtils - Retrieved ProfileValueSource type [class org.springframework.test.annotation.SystemProfileValueSource] for class [com.pancm.ApplicationTests]
14:27:56.105 [main] DEBUG org.springframework.test.context.junit4.SpringJUnit4ClassRunner - SpringJUnit4ClassRunner constructor called with [class com.pancm.ApplicationTests]
14:27:56.105 [main] DEBUG org.springframework.test.context.BootstrapUtils - Instantiating CacheAwareContextLoaderDelegate from class [org.springframework.test.context.cache.DefaultCacheAwareContextLoaderDelegate]
14:27:56.105 [main] DEBUG org.springframework.test.context.BootstrapUtils - Instantiating BootstrapContext using constructor [public org.springframework.test.context.support.DefaultBootstrapContext(java.lang.Class,org.springframework.test.context.CacheAwareContextLoaderDelegate)]
14:27:56.106 [main] DEBUG org.springframework.test.context.BootstrapUtils - Instantiating TestContextBootstrapper for test class [com.pancm.ApplicationTests] from class [org.springframework.boot.test.context.SpringBootTestContextBootstrapper]
14:27:56.106 [main] INFO org.springframework.boot.test.context.SpringBootTestContextBootstrapper - Neither @ContextConfiguration nor @ContextHierarchy found for test class [com.pancm.ApplicationTests], using SpringBootContextLoader
14:27:56.106 [main] DEBUG org.springframework.test.context.support.AbstractContextLoader - Did not detect default resource location for test class [com.pancm.ApplicationTests]: class path resource [com/pancm/ApplicationTests-context.xml] does not exist
14:27:56.106 [main] DEBUG org.springframework.test.context.support.AbstractContextLoader - Did not detect default resource location for test class [com.pancm.ApplicationTests]: class path resource [com/pancm/ApplicationTestsContext.groovy] does not exist
14:27:56.106 [main] INFO org.springframework.test.context.support.AbstractContextLoader - Could not detect default resource locations for test class [com.pancm.ApplicationTests]: no resource found for suffixes {-context.xml, Context.groovy}.
14:27:56.106 [main] INFO org.springframework.test.context.support.AnnotationConfigContextLoaderUtils - Could not detect default configuration classes for test class [com.pancm.ApplicationTests]: ApplicationTests does not declare any static, non-private, non-final, nested classes annotated with @Configuration.
14:27:56.109 [main] DEBUG org.springframework.test.context.support.ActiveProfilesUtils - Could not find an 'annotation declaring class' for annotation type [org.springframework.test.context.ActiveProfiles] and class [com.pancm.ApplicationTests]
14:27:56.110 [main] DEBUG org.springframework.core.env.StandardEnvironment - Adding PropertySource 'systemProperties' with lowest search precedence
14:27:56.110 [main] DEBUG org.springframework.core.env.StandardEnvironment - Adding PropertySource 'systemEnvironment' with lowest search precedence
14:27:56.110 [main] DEBUG org.springframework.core.env.StandardEnvironment - Initialized StandardEnvironment with PropertySources [MapPropertySource@11902257 {name='systemProperties', properties={java.runtime.name=Java(TM) SE Runtime Environment, sun.boot.library.path=C:\Program Files\Java\jdk1.8.0_144\jre\bin, java.vm.version=25.144-b01, java.vm.vendor=Oracle Corporation, java.vendor.url=http://java.oracle.com/, path.separator=;, java.vm.name=Java HotSpot(TM) 64-Bit Server VM, file.encoding.pkg=sun.io, user.country=CN, user.script=, sun.java.launcher=SUN_STANDARD, sun.os.patch.level=, java.vm.specification.name=Java Virtual Machine Specification, user.dir=C:\Users\cola1\Desktop\Study\Java\springBoot-study\springboot-mail, java.runtime.version=1.8.0_144-b01, basedir=C:\Users\cola1\Desktop\Study\Java\springBoot-study\springboot-mail, java.awt.graphicsenv=sun.awt.Win32GraphicsEnvironment, java.endorsed.dirs=C:\Program Files\Java\jdk1.8.0_144\jre\lib\endorsed, os.arch=amd64, surefire.real.class.path=C:\Users\cola1\Desktop\Study\Java\springBoot-study\springboot-mail\target\surefire\surefirebooter145893742816010356.jar, java.io.tmpdir=C:\Users\cola1\AppData\Local\Temp\, line.separator=
, java.vm.specification.vendor=Oracle Corporation, user.variant=, os.name=Windows 10, sun.jnu.encoding=GBK, java.library.path=C:\Program Files\Java\jdk1.8.0_144\jre\bin;C:\Windows\Sun\Java\bin;C:\Windows\system32;C:\Windows;C:\Program Files\Git\mingw64\bin;C:\Program Files\Git\usr\bin;C:\Users\cola1\bin;D:\Program Files (x86)\VMware\VMware Workstation\bin;C:\Python311\Scripts;C:\Python311;C:\ProgramData\Oracle\Java\javapath;C:\Windows\system32;C:\Windows;C:\Windows\System32\Wbem;C:\Windows\System32\WindowsPowerShell\v1.0;C:\Windows\System32\OpenSSH;C:\Program Files\dotnet;C:\Program Files\Git\cmd;C:\Program Files\TortoiseGit\bin;C:\Program Files (x86)\NetSarang\Xftp 7;C:\ProgramData\chocolatey\bin;C:\Program Files (x86)\NetSarang\Xshell 7;C:\Program Files\Java\jdk1.8.0_144\bin;C:\Program Files\Java\jre1.8.0_144\bin;D:\apache-maven-3.8.6\bin;C:\Users\cola1\AppData\Roaming\nvm;C:\Program Files\nodejs;C:\Program Files\Go\bin;D:\Program Files (x86)\Tencent\微信web开发者工具\dll;C:\Program Files\Redis;C:\Users\cola1\.pyenv\pyenv-win\bin;C:\Users\cola1\.pyenv\pyenv-win\shims;C:\Users\cola1\AppData\Local\Programs\Python\Python310\Scripts;C:\Users\cola1\AppData\Local\Programs\Python\Python310;C:\Users\cola1\AppData\Local\Microsoft\WindowsApps;C:\Users\cola1\AppData\Local\Programs\Microsoft VS Code\bin;C:\Users\cola1\.windows-build-tools\python27;D:\Program Files\JetBrains\IntelliJ IDEA Community Edition 2022.1.3\bin;C:\Users\cola1\AppData\Roaming\nvm;C:\Program Files\nodejs;C:\Users\cola1\go\bin;., surefire.test.class.path=C:\Users\cola1\Desktop\Study\Java\springBoot-study\springboot-mail\target\test-classes;C:\Users\cola1\Desktop\Study\Java\springBoot-study\springboot-mail\target\classes;C:\Users\cola1\.m2\repository\org\springframework\boot\spring-boot-starter-web\1.5.9.RELEASE\spring-boot-starter-web-1.5.9.RELEASE.jar;C:\Users\cola1\.m2\repository\org\springframework\boot\spring-boot-starter\1.5.9.RELEASE\spring-boot-starter-1.5.9.RELEASE.jar;C:\Users\cola1\.m2\repository\org\springframework\boot\spring-boot-starter-logging\1.5.9.RELEASE\spring-boot-starter-logging-1.5.9.RELEASE.jar;C:\Users\cola1\.m2\repository\ch\qos\logback\logback-classic\1.1.11\logback-classic-1.1.11.jar;C:\Users\cola1\.m2\repository\ch\qos\logback\logback-core\1.1.11\logback-core-1.1.11.jar;C:\Users\cola1\.m2\repository\org\slf4j\jcl-over-slf4j\1.7.25\jcl-over-slf4j-1.7.25.jar;C:\Users\cola1\.m2\repository\org\slf4j\jul-to-slf4j\1.7.25\jul-to-slf4j-1.7.25.jar;C:\Users\cola1\.m2\repository\org\slf4j\log4j-over-slf4j\1.7.25\log4j-over-slf4j-1.7.25.jar;C:\Users\cola1\.m2\repository\org\yaml\snakeyaml\1.17\snakeyaml-1.17.jar;C:\Users\cola1\.m2\repository\org\springframework\boot\spring-boot-starter-tomcat\1.5.9.RELEASE\spring-boot-starter-tomcat-1.5.9.RELEASE.jar;C:\Users\cola1\.m2\repository\org\apache\tomcat\embed\tomcat-embed-core\8.5.23\tomcat-embed-core-8.5.23.jar;C:\Users\cola1\.m2\repository\org\apache\tomcat\tomcat-annotations-api\8.5.23\tomcat-annotations-api-8.5.23.jar;C:\Users\cola1\.m2\repository\org\apache\tomcat\embed\tomcat-embed-el\8.5.23\tomcat-embed-el-8.5.23.jar;C:\Users\cola1\.m2\repository\org\apache\tomcat\embed\tomcat-embed-websocket\8.5.23\tomcat-embed-websocket-8.5.23.jar;C:\Users\cola1\.m2\repository\org\hibernate\hibernate-validator\5.3.6.Final\hibernate-validator-5.3.6.Final.jar;C:\Users\cola1\.m2\repository\javax\validation\validation-api\1.1.0.Final\validation-api-1.1.0.Final.jar;C:\Users\cola1\.m2\repository\org\jboss\logging\jboss-logging\3.3.1.Final\jboss-logging-3.3.1.Final.jar;C:\Users\cola1\.m2\repository\com\fasterxml\classmate\1.3.4\classmate-1.3.4.jar;C:\Users\cola1\.m2\repository\com\fasterxml\jackson\core\jackson-databind\2.8.10\jackson-databind-2.8.10.jar;C:\Users\cola1\.m2\repository\com\fasterxml\jackson\core\jackson-annotations\2.8.0\jackson-annotations-2.8.0.jar;C:\Users\cola1\.m2\repository\com\fasterxml\jackson\core\jackson-core\2.8.10\jackson-core-2.8.10.jar;C:\Users\cola1\.m2\repository\org\springframework\spring-web\4.3.13.RELEASE\spring-web-4.3.13.RELEASE.jar;C:\Users\cola1\.m2\repository\org\springframework\spring-aop\4.3.13.RELEASE\spring-aop-4.3.13.RELEASE.jar;C:\Users\cola1\.m2\repository\org\springframework\spring-webmvc\4.3.13.RELEASE\spring-webmvc-4.3.13.RELEASE.jar;C:\Users\cola1\.m2\repository\org\springframework\spring-expression\4.3.13.RELEASE\spring-expression-4.3.13.RELEASE.jar;C:\Users\cola1\.m2\repository\org\springframework\boot\spring-boot-starter-test\1.5.9.RELEASE\spring-boot-starter-test-1.5.9.RELEASE.jar;C:\Users\cola1\.m2\repository\org\springframework\boot\spring-boot-test\1.5.9.RELEASE\spring-boot-test-1.5.9.RELEASE.jar;C:\Users\cola1\.m2\repository\org\springframework\boot\spring-boot-test-autoconfigure\1.5.9.RELEASE\spring-boot-test-autoconfigure-1.5.9.RELEASE.jar;C:\Users\cola1\.m2\repository\com\jayway\jsonpath\json-path\2.2.0\json-path-2.2.0.jar;C:\Users\cola1\.m2\repository\net\minidev\json-smart\2.2.1\json-smart-2.2.1.jar;C:\Users\cola1\.m2\repository\net\minidev\accessors-smart\1.1\accessors-smart-1.1.jar;C:\Users\cola1\.m2\repository\org\ow2\asm\asm\5.0.3\asm-5.0.3.jar;C:\Users\cola1\.m2\repository\org\slf4j\slf4j-api\1.7.25\slf4j-api-1.7.25.jar;C:\Users\cola1\.m2\repository\junit\junit\4.12\junit-4.12.jar;C:\Users\cola1\.m2\repository\org\assertj\assertj-core\2.6.0\assertj-core-2.6.0.jar;C:\Users\cola1\.m2\repository\org\mockito\mockito-core\1.10.19\mockito-core-1.10.19.jar;C:\Users\cola1\.m2\repository\org\objenesis\objenesis\2.1\objenesis-2.1.jar;C:\Users\cola1\.m2\repository\org\hamcrest\hamcrest-core\1.3\hamcrest-core-1.3.jar;C:\Users\cola1\.m2\repository\org\hamcrest\hamcrest-library\1.3\hamcrest-library-1.3.jar;C:\Users\cola1\.m2\repository\org\skyscreamer\jsonassert\1.4.0\jsonassert-1.4.0.jar;C:\Users\cola1\.m2\repository\com\vaadin\external\google\android-json\0.0.20131108.vaadin1\android-json-0.0.20131108.vaadin1.jar;C:\Users\cola1\.m2\repository\org\springframework\spring-core\4.3.13.RELEASE\spring-core-4.3.13.RELEASE.jar;C:\Users\cola1\.m2\repository\org\springframework\spring-test\4.3.13.RELEASE\spring-test-4.3.13.RELEASE.jar;C:\Users\cola1\.m2\repository\org\springframework\boot\spring-boot-starter-mail\1.5.9.RELEASE\spring-boot-starter-mail-1.5.9.RELEASE.jar;C:\Users\cola1\.m2\repository\org\springframework\spring-context\4.3.13.RELEASE\spring-context-4.3.13.RELEASE.jar;C:\Users\cola1\.m2\repository\com\sun\mail\javax.mail\1.5.6\javax.mail-1.5.6.jar;C:\Users\cola1\.m2\repository\javax\activation\activation\1.1\activation-1.1.jar;C:\Users\cola1\.m2\repository\org\springframework\boot\spring-boot-starter-thymeleaf\1.5.9.RELEASE\spring-boot-starter-thymeleaf-1.5.9.RELEASE.jar;C:\Users\cola1\.m2\repository\org\thymeleaf\thymeleaf-spring4\2.1.6.RELEASE\thymeleaf-spring4-2.1.6.RELEASE.jar;C:\Users\cola1\.m2\repository\org\thymeleaf\thymeleaf\2.1.6.RELEASE\thymeleaf-2.1.6.RELEASE.jar;C:\Users\cola1\.m2\repository\ognl\ognl\3.0.8\ognl-3.0.8.jar;C:\Users\cola1\.m2\repository\org\javassist\javassist\3.21.0-GA\javassist-3.21.0-GA.jar;C:\Users\cola1\.m2\repository\org\unbescape\unbescape\1.1.0.RELEASE\unbescape-1.1.0.RELEASE.jar;C:\Users\cola1\.m2\repository\nz\net\ultraq\thymeleaf\thymeleaf-layout-dialect\1.4.0\thymeleaf-layout-dialect-1.4.0.jar;C:\Users\cola1\.m2\repository\org\codehaus\groovy\groovy\2.4.13\groovy-2.4.13.jar;C:\Users\cola1\.m2\repository\org\springframework\spring-context-support\4.3.13.RELEASE\spring-context-support-4.3.13.RELEASE.jar;C:\Users\cola1\.m2\repository\org\springframework\spring-beans\4.3.13.RELEASE\spring-beans-4.3.13.RELEASE.jar;C:\Users\cola1\.m2\repository\org\springframework\boot\spring-boot-devtools\1.5.9.RELEASE\spring-boot-devtools-1.5.9.RELEASE.jar;C:\Users\cola1\.m2\repository\org\springframework\boot\spring-boot\1.5.9.RELEASE\spring-boot-1.5.9.RELEASE.jar;C:\Users\cola1\.m2\repository\org\springframework\boot\spring-boot-autoconfigure\1.5.9.RELEASE\spring-boot-autoconfigure-1.5.9.RELEASE.jar;, java.specification.name=Java Platform API Specification, java.class.version=52.0, sun.management.compiler=HotSpot 64-Bit Tiered Compilers, os.version=10.0, user.home=C:\Users\cola1, user.timezone=Asia/Shanghai, java.awt.printerjob=sun.awt.windows.WPrinterJob, file.encoding=GBK, java.specification.version=1.8, java.class.path=C:\Users\cola1\Desktop\Study\Java\springBoot-study\springboot-mail\target\test-classes;C:\Users\cola1\Desktop\Study\Java\springBoot-study\springboot-mail\target\classes;C:\Users\cola1\.m2\repository\org\springframework\boot\spring-boot-starter-web\1.5.9.RELEASE\spring-boot-starter-web-1.5.9.RELEASE.jar;C:\Users\cola1\.m2\repository\org\springframework\boot\spring-boot-starter\1.5.9.RELEASE\spring-boot-starter-1.5.9.RELEASE.jar;C:\Users\cola1\.m2\repository\org\springframework\boot\spring-boot-starter-logging\1.5.9.RELEASE\spring-boot-starter-logging-1.5.9.RELEASE.jar;C:\Users\cola1\.m2\repository\ch\qos\logback\logback-classic\1.1.11\logback-classic-1.1.11.jar;C:\Users\cola1\.m2\repository\ch\qos\logback\logback-core\1.1.11\logback-core-1.1.11.jar;C:\Users\cola1\.m2\repository\org\slf4j\jcl-over-slf4j\1.7.25\jcl-over-slf4j-1.7.25.jar;C:\Users\cola1\.m2\repository\org\slf4j\jul-to-slf4j\1.7.25\jul-to-slf4j-1.7.25.jar;C:\Users\cola1\.m2\repository\org\slf4j\log4j-over-slf4j\1.7.25\log4j-over-slf4j-1.7.25.jar;C:\Users\cola1\.m2\repository\org\yaml\snakeyaml\1.17\snakeyaml-1.17.jar;C:\Users\cola1\.m2\repository\org\springframework\boot\spring-boot-starter-tomcat\1.5.9.RELEASE\spring-boot-starter-tomcat-1.5.9.RELEASE.jar;C:\Users\cola1\.m2\repository\org\apache\tomcat\embed\tomcat-embed-core\8.5.23\tomcat-embed-core-8.5.23.jar;C:\Users\cola1\.m2\repository\org\apache\tomcat\tomcat-annotations-api\8.5.23\tomcat-annotations-api-8.5.23.jar;C:\Users\cola1\.m2\repository\org\apache\tomcat\embed\tomcat-embed-el\8.5.23\tomcat-embed-el-8.5.23.jar;C:\Users\cola1\.m2\repository\org\apache\tomcat\embed\tomcat-embed-websocket\8.5.23\tomcat-embed-websocket-8.5.23.jar;C:\Users\cola1\.m2\repository\org\hibernate\hibernate-validator\5.3.6.Final\hibernate-validator-5.3.6.Final.jar;C:\Users\cola1\.m2\repository\javax\validation\validation-api\1.1.0.Final\validation-api-1.1.0.Final.jar;C:\Users\cola1\.m2\repository\org\jboss\logging\jboss-logging\3.3.1.Final\jboss-logging-3.3.1.Final.jar;C:\Users\cola1\.m2\repository\com\fasterxml\classmate\1.3.4\classmate-1.3.4.jar;C:\Users\cola1\.m2\repository\com\fasterxml\jackson\core\jackson-databind\2.8.10\jackson-databind-2.8.10.jar;C:\Users\cola1\.m2\repository\com\fasterxml\jackson\core\jackson-annotations\2.8.0\jackson-annotations-2.8.0.jar;C:\Users\cola1\.m2\repository\com\fasterxml\jackson\core\jackson-core\2.8.10\jackson-core-2.8.10.jar;C:\Users\cola1\.m2\repository\org\springframework\spring-web\4.3.13.RELEASE\spring-web-4.3.13.RELEASE.jar;C:\Users\cola1\.m2\repository\org\springframework\spring-aop\4.3.13.RELEASE\spring-aop-4.3.13.RELEASE.jar;C:\Users\cola1\.m2\repository\org\springframework\spring-webmvc\4.3.13.RELEASE\spring-webmvc-4.3.13.RELEASE.jar;C:\Users\cola1\.m2\repository\org\springframework\spring-expression\4.3.13.RELEASE\spring-expression-4.3.13.RELEASE.jar;C:\Users\cola1\.m2\repository\org\springframework\boot\spring-boot-starter-test\1.5.9.RELEASE\spring-boot-starter-test-1.5.9.RELEASE.jar;C:\Users\cola1\.m2\repository\org\springframework\boot\spring-boot-test\1.5.9.RELEASE\spring-boot-test-1.5.9.RELEASE.jar;C:\Users\cola1\.m2\repository\org\springframework\boot\spring-boot-test-autoconfigure\1.5.9.RELEASE\spring-boot-test-autoconfigure-1.5.9.RELEASE.jar;C:\Users\cola1\.m2\repository\com\jayway\jsonpath\json-path\2.2.0\json-path-2.2.0.jar;C:\Users\cola1\.m2\repository\net\minidev\json-smart\2.2.1\json-smart-2.2.1.jar;C:\Users\cola1\.m2\repository\net\minidev\accessors-smart\1.1\accessors-smart-1.1.jar;C:\Users\cola1\.m2\repository\org\ow2\asm\asm\5.0.3\asm-5.0.3.jar;C:\Users\cola1\.m2\repository\org\slf4j\slf4j-api\1.7.25\slf4j-api-1.7.25.jar;C:\Users\cola1\.m2\repository\junit\junit\4.12\junit-4.12.jar;C:\Users\cola1\.m2\repository\org\assertj\assertj-core\2.6.0\assertj-core-2.6.0.jar;C:\Users\cola1\.m2\repository\org\mockito\mockito-core\1.10.19\mockito-core-1.10.19.jar;C:\Users\cola1\.m2\repository\org\objenesis\objenesis\2.1\objenesis-2.1.jar;C:\Users\cola1\.m2\repository\org\hamcrest\hamcrest-core\1.3\hamcrest-core-1.3.jar;C:\Users\cola1\.m2\repository\org\hamcrest\hamcrest-library\1.3\hamcrest-library-1.3.jar;C:\Users\cola1\.m2\repository\org\skyscreamer\jsonassert\1.4.0\jsonassert-1.4.0.jar;C:\Users\cola1\.m2\repository\com\vaadin\external\google\android-json\0.0.20131108.vaadin1\android-json-0.0.20131108.vaadin1.jar;C:\Users\cola1\.m2\repository\org\springframework\spring-core\4.3.13.RELEASE\spring-core-4.3.13.RELEASE.jar;C:\Users\cola1\.m2\repository\org\springframework\spring-test\4.3.13.RELEASE\spring-test-4.3.13.RELEASE.jar;C:\Users\cola1\.m2\repository\org\springframework\boot\spring-boot-starter-mail\1.5.9.RELEASE\spring-boot-starter-mail-1.5.9.RELEASE.jar;C:\Users\cola1\.m2\repository\org\springframework\spring-context\4.3.13.RELEASE\spring-context-4.3.13.RELEASE.jar;C:\Users\cola1\.m2\repository\com\sun\mail\javax.mail\1.5.6\javax.mail-1.5.6.jar;C:\Users\cola1\.m2\repository\javax\activation\activation\1.1\activation-1.1.jar;C:\Users\cola1\.m2\repository\org\springframework\boot\spring-boot-starter-thymeleaf\1.5.9.RELEASE\spring-boot-starter-thymeleaf-1.5.9.RELEASE.jar;C:\Users\cola1\.m2\repository\org\thymeleaf\thymeleaf-spring4\2.1.6.RELEASE\thymeleaf-spring4-2.1.6.RELEASE.jar;C:\Users\cola1\.m2\repository\org\thymeleaf\thymeleaf\2.1.6.RELEASE\thymeleaf-2.1.6.RELEASE.jar;C:\Users\cola1\.m2\repository\ognl\ognl\3.0.8\ognl-3.0.8.jar;C:\Users\cola1\.m2\repository\org\javassist\javassist\3.21.0-GA\javassist-3.21.0-GA.jar;C:\Users\cola1\.m2\repository\org\unbescape\unbescape\1.1.0.RELEASE\unbescape-1.1.0.RELEASE.jar;C:\Users\cola1\.m2\repository\nz\net\ultraq\thymeleaf\thymeleaf-layout-dialect\1.4.0\thymeleaf-layout-dialect-1.4.0.jar;C:\Users\cola1\.m2\repository\org\codehaus\groovy\groovy\2.4.13\groovy-2.4.13.jar;C:\Users\cola1\.m2\repository\org\springframework\spring-context-support\4.3.13.RELEASE\spring-context-support-4.3.13.RELEASE.jar;C:\Users\cola1\.m2\repository\org\springframework\spring-beans\4.3.13.RELEASE\spring-beans-4.3.13.RELEASE.jar;C:\Users\cola1\.m2\repository\org\springframework\boot\spring-boot-devtools\1.5.9.RELEASE\spring-boot-devtools-1.5.9.RELEASE.jar;C:\Users\cola1\.m2\repository\org\springframework\boot\spring-boot\1.5.9.RELEASE\spring-boot-1.5.9.RELEASE.jar;C:\Users\cola1\.m2\repository\org\springframework\boot\spring-boot-autoconfigure\1.5.9.RELEASE\spring-boot-autoconfigure-1.5.9.RELEASE.jar;, user.name=cola1, java.vm.specification.version=1.8, sun.java.command=C:\Users\cola1\Desktop\Study\Java\springBoot-study\springboot-mail\target\surefire\surefirebooter145893742816010356.jar C:\Users\cola1\Desktop\Study\Java\springBoot-study\springboot-mail\target\surefire\surefire8331146351105245221tmp C:\Users\cola1\Desktop\Study\Java\springBoot-study\springboot-mail\target\surefire\surefire_05912693338484226999tmp, java.home=C:\Program Files\Java\jdk1.8.0_144\jre, sun.arch.data.model=64, user.language=zh, java.specification.vendor=Oracle Corporation, awt.toolkit=sun.awt.windows.WToolkit, java.vm.info=mixed mode, java.version=1.8.0_144, java.ext.dirs=C:\Program Files\Java\jdk1.8.0_144\jre\lib\ext;C:\Windows\Sun\Java\lib\ext, sun.boot.class.path=C:\Program Files\Java\jdk1.8.0_144\jre\lib\resources.jar;C:\Program Files\Java\jdk1.8.0_144\jre\lib\rt.jar;C:\Program Files\Java\jdk1.8.0_144\jre\lib\sunrsasign.jar;C:\Program Files\Java\jdk1.8.0_144\jre\lib\jsse.jar;C:\Program Files\Java\jdk1.8.0_144\jre\lib\jce.jar;C:\Program Files\Java\jdk1.8.0_144\jre\lib\charsets.jar;C:\Program Files\Java\jdk1.8.0_144\jre\lib\jfr.jar;C:\Program Files\Java\jdk1.8.0_144\jre\classes, java.vendor=Oracle Corporation, localRepository=C:\Users\cola1\.m2\repository, file.separator=\, java.vendor.url.bug=http://bugreport.sun.com/bugreport/, sun.io.unicode.encoding=UnicodeLittle, sun.cpu.endian=little, sun.desktop=windows, sun.cpu.isalist=amd64}}, SystemEnvironmentPropertySource@1660794022 {name='systemEnvironment', properties={PATH=C:\Program Files\Git\mingw64\bin;C:\Program Files\Git\usr\bin;C:\Users\cola1\bin;D:\Program Files (x86)\VMware\VMware Workstation\bin;C:\Python311\Scripts;C:\Python311;C:\ProgramData\Oracle\Java\javapath;C:\Windows\system32;C:\Windows;C:\Windows\System32\Wbem;C:\Windows\System32\WindowsPowerShell\v1.0;C:\Windows\System32\OpenSSH;C:\Program Files\dotnet;C:\Program Files\Git\cmd;C:\Program Files\TortoiseGit\bin;C:\Program Files (x86)\NetSarang\Xftp 7;C:\ProgramData\chocolatey\bin;C:\Program Files (x86)\NetSarang\Xshell 7;C:\Program Files\Java\jdk1.8.0_144\bin;C:\Program Files\Java\jre1.8.0_144\bin;D:\apache-maven-3.8.6\bin;C:\Users\cola1\AppData\Roaming\nvm;C:\Program Files\nodejs;C:\Program Files\Go\bin;D:\Program Files (x86)\Tencent\微信web开发者工具\dll;C:\Program Files\Redis;C:\Users\cola1\.pyenv\pyenv-win\bin;C:\Users\cola1\.pyenv\pyenv-win\shims;C:\Users\cola1\AppData\Local\Programs\Python\Python310\Scripts;C:\Users\cola1\AppData\Local\Programs\Python\Python310;C:\Users\cola1\AppData\Local\Microsoft\WindowsApps;C:\Users\cola1\AppData\Local\Programs\Microsoft VS Code\bin;C:\Users\cola1\.windows-build-tools\python27;D:\Program Files\JetBrains\IntelliJ IDEA Community Edition 2022.1.3\bin;C:\Users\cola1\AppData\Roaming\nvm;C:\Program Files\nodejs;C:\Users\cola1\go\bin, USERDOMAIN_ROAMINGPROFILE=GUANXH, JAVA_HOME_JRE=C:\Program Files\Java\jre1.8.0_144, NVM_SYMLINK=C:\Program Files\nodejs, PROCESSOR_LEVEL=6, SYSTEMDRIVE=C:, SESSIONNAME=Console, ALLUSERSPROFILE=C:\ProgramData, PROCESSOR_ARCHITECTURE=AMD64, GATEWAY_VM_OPTIONS=D:\jetbra\vmoptions\gateway.vmoptions, DRIVERDATA=C:\Windows\System32\Drivers\DriverData, PROGRAMFILES=C:\Program Files, MOZ_PLUGIN_PATH=C:\Program Files (x86)\Foxit Software\Foxit PDF Reader\plugins\, PSMODULEPATH=C:\Program Files\WindowsPowerShell\Modules;C:\Windows\system32\WindowsPowerShell\v1.0\Modules, RIDER_VM_OPTIONS=D:\jetbra\vmoptions\rider.vmoptions, PROGRAMDATA=C:\ProgramData, CHOCOLATEYLASTPATHUPDATE=132957301595852120, USERNAME=cola1, DEVECOSTUDIO_VM_OPTIONS=D:\jetbra\vmoptions\devecostudio.vmoptions, POSTMAN_DISABLE_GPU=true, PWD=C:/Users/cola1/Desktop/Study/Java/springBoot-study/springboot-mail, STUDIO_VM_OPTIONS=D:\jetbra\vmoptions\studio.vmoptions, ONEDRIVE=C:\Users\cola1\OneDrive, PATHEXT=.COM;.EXE;.BAT;.CMD;.VBS;.VBE;.JS;.JSE;.WSF;.WSH;.MSC;.PY;.PYW, APPCODE_VM_OPTIONS=D:\jetbra\vmoptions\appcode.vmoptions, ONEDRIVECONSUMER=C:\Users\cola1\OneDrive, PYENV_HOME=C:\Users\cola1\.pyenv\pyenv-win\, PYENV_ROOT=C:\Users\cola1\.pyenv\pyenv-win\, GOPATH=C:\Users\cola1\go, OLDPWD=C:/Users/cola1/Desktop/Study/Java/springBoot-study/springboot-mail, WINDIR=C:\Windows, DATASPELL_VM_OPTIONS=D:\jetbra\vmoptions\dataspell.vmoptions, HOMEPATH=\Users\cola1, PYENV=C:\Users\cola1\.pyenv\pyenv-win\, TERM_SESSION_ID=2f3054e7-9594-46ba-9c2b-cca8b535c5fb, PROCESSOR_IDENTIFIER=Intel64 Family 6 Model 154 Stepping 3, GenuineIntel, M2_HOME=D:\apache-maven-3.8.6, PUBLIC=C:\Users\Public, =::=::\, EXEPATH=C:\Program Files\Git\bin, SHLVL=1, ZES_ENABLE_SYSMAN=1, DATAGRIP_VM_OPTIONS=D:\jetbra\vmoptions\datagrip.vmoptions, LOCALAPPDATA=C:\Users\cola1\AppData\Local, COMMONPROGRAMFILES(X86)=C:\Program Files (x86)\Common Files, USERDOMAIN=GUANXH, LOGONSERVER=\\GUANXH, PYCHARM_VM_OPTIONS=D:\jetbra\vmoptions\pycharm.vmoptions, WEBSTORM_VM_OPTIONS=D:\jetbra\vmoptions\webstorm.vmoptions, JAVA_HOME=C:/Program Files/Java/jdk1.8.0_144, PLINK_PROTOCOL=ssh, PROMPT=$P$G, CLION_VM_OPTIONS=D:\jetbra\vmoptions\clion.vmoptions, JETBRAINSCLIENT_VM_OPTIONS=D:\jetbra\vmoptions\jetbrainsclient.vmoptions, PROGRAMFILES(X86)=C:\Program Files (x86), TERM=xterm-256color, ASL.LOG=Destination=file, GOLAND_VM_OPTIONS=D:\jetbra\vmoptions\goland.vmoptions, MSYSTEM=MINGW64, =C:=C:\Users\cola1\Desktop\Study\Java\springBoot-study\springboot-mail, APPDATA=C:\Users\cola1\AppData\Roaming, IDEA_VM_OPTIONS=D:\jetbra\vmoptions\idea.vmoptions, PROGRAMW6432=C:\Program Files, SYSTEMROOT=C:\Windows, CHOCOLATEYINSTALL=C:\ProgramData\chocolatey, RUBYMINE_VM_OPTIONS=D:\jetbra\vmoptions\rubymine.vmoptions, JETBRAINS_CLIENT_VM_OPTIONS=D:\jetbra\vmoptions\jetbrains_client.vmoptions, MAVEN_CMD_LINE_ARGS= clean install -U, OS=Windows_NT, COMMONPROGRAMW6432=C:\Program Files\Common Files, COMPUTERNAME=GUANXH, INTELLIJ IDEA COMMUNITY EDITION=D:\Program Files\JetBrains\IntelliJ IDEA Community Edition 2022.1.3\bin;, COMMONPROGRAMFILES=C:\Program Files\Common Files, COMSPEC=C:\Windows\system32\cmd.exe, MAVEN_PROJECTBASEDIR=C:/Users/cola1/Desktop/Study/Java/springBoot-study/springboot-mail, NVM_HOME=C:\Users\cola1\AppData\Roaming\nvm, PROCESSOR_REVISION=9a03, CLASSPATH=.;JAVA_HOME%\lib;C:\Program Files\Java\jdk1.8.0_144\lib\dt.jar;C:\Program Files\Java\jdk1.8.0_144\lib\tools.jar, TERMINAL_EMULATOR=JetBrains-JediTerm, TEMP=C:\Users\cola1\AppData\Local\Temp, WEBIDE_VM_OPTIONS=D:\jetbra\vmoptions\webide.vmoptions, HOMEDRIVE=C:, USERPROFILE=C:\Users\cola1, TMP=C:\Users\cola1\AppData\Local\Temp, NUMBER_OF_PROCESSORS=16, PHPSTORM_VM_OPTIONS=D:\jetbra\vmoptions\phpstorm.vmoptions, IDEA_INITIAL_DIRECTORY=C:\Program Files\JetBrains\IntelliJ IDEA 2023.1.1\bin, HOME=C:\Users\cola1}}]
14:27:56.111 [main] INFO org.springframework.boot.test.context.SpringBootTestContextBootstrapper - Found @SpringBootConfiguration com.pancm.MailApp for test class com.pancm.ApplicationTests
14:27:56.112 [main] DEBUG org.springframework.boot.test.context.SpringBootTestContextBootstrapper - @TestExecutionListeners is not present for class [com.pancm.ApplicationTests]: using defaults.
14:27:56.115 [main] INFO org.springframework.boot.test.context.SpringBootTestContextBootstrapper - Loaded default TestExecutionListener class names from location [META-INF/spring.factories]: [org.springframework.boot.test.mock.mockito.MockitoTestExecutionListener, org.springframework.boot.test.mock.mockito.ResetMocksTestExecutionListener, org.springframework.boot.test.autoconfigure.restdocs.RestDocsTestExecutionListener, org.springframework.boot.test.autoconfigure.web.client.MockRestServiceServerResetTestExecutionListener, org.springframework.boot.test.autoconfigure.web.servlet.MockMvcPrintOnlyOnFailureTestExecutionListener, org.springframework.boot.test.autoconfigure.web.servlet.WebDriverTestExecutionListener, org.springframework.test.context.web.ServletTestExecutionListener, org.springframework.test.context.support.DirtiesContextBeforeModesTestExecutionListener, org.springframework.test.context.support.DependencyInjectionTestExecutionListener, org.springframework.test.context.support.DirtiesContextTestExecutionListener, org.springframework.test.context.transaction.TransactionalTestExecutionListener, org.springframework.test.context.jdbc.SqlScriptsTestExecutionListener]
14:27:56.117 [main] INFO org.springframework.boot.test.context.SpringBootTestContextBootstrapper - Could not instantiate TestExecutionListener [org.springframework.test.context.jdbc.SqlScriptsTestExecutionListener]. Specify custom listener classes or make the default listener classes (and their required dependencies) available. Offending class: [org/springframework/transaction/interceptor/TransactionAttribute]
14:27:56.117 [main] INFO org.springframework.boot.test.context.SpringBootTestContextBootstrapper - Could not instantiate TestExecutionListener [org.springframework.test.context.transaction.TransactionalTestExecutionListener]. Specify custom listener classes or make the default listener classes (and their required dependencies) available. Offending class: [org/springframework/transaction/interceptor/TransactionAttributeSource]
14:27:56.117 [main] INFO org.springframework.boot.test.context.SpringBootTestContextBootstrapper - Using TestExecutionListeners: [org.springframework.test.context.web.ServletTestExecutionListener@516be40f, org.springframework.test.context.support.DirtiesContextBeforeModesTestExecutionListener@3c0a50da, org.springframework.boot.test.autoconfigure.SpringBootDependencyInjectionTestExecutionListener@646be2c3, org.springframework.test.context.support.DirtiesContextTestExecutionListener@797badd3, org.springframework.boot.test.autoconfigure.web.servlet.MockMvcPrintOnlyOnFailureTestExecutionListener@77be656f, org.springframework.boot.test.mock.mockito.ResetMocksTestExecutionListener@19dc67c2, org.springframework.boot.test.mock.mockito.MockitoTestExecutionListener@221af3c0, org.springframework.boot.test.autoconfigure.web.client.MockRestServiceServerResetTestExecutionListener@62bd765, org.springframework.boot.test.autoconfigure.web.servlet.WebDriverTestExecutionListener@23a5fd2, org.springframework.boot.test.autoconfigure.restdocs.RestDocsTestExecutionListener@78a2da20]
14:27:56.118 [main] DEBUG org.springframework.test.annotation.ProfileValueUtils - Retrieved @ProfileValueSourceConfiguration [null] for test class [com.pancm.ApplicationTests]
14:27:56.118 [main] DEBUG org.springframework.test.annotation.ProfileValueUtils - Retrieved ProfileValueSource type [class org.springframework.test.annotation.SystemProfileValueSource] for class [com.pancm.ApplicationTests]
14:27:56.118 [main] DEBUG org.springframework.test.annotation.ProfileValueUtils - Retrieved @ProfileValueSourceConfiguration [null] for test class [com.pancm.ApplicationTests]
14:27:56.118 [main] DEBUG org.springframework.test.annotation.ProfileValueUtils - Retrieved ProfileValueSource type [class org.springframework.test.annotation.SystemProfileValueSource] for class [com.pancm.ApplicationTests]
14:27:56.121 [main] DEBUG org.springframework.test.context.support.AbstractDirtiesContextTestExecutionListener - Before test class: context [DefaultTestContext@f0f2775 testClass = ApplicationTests, testInstance = [null], testMethod = [null], testException = [null], mergedContextConfiguration = [WebMergedContextConfiguration@5a4aa2f2 testClass = ApplicationTests, locations = '{}', classes = '{class com.pancm.MailApp}', contextInitializerClasses = '[]', activeProfiles = '{}', propertySourceLocations = '{}', propertySourceProperties = '{org.springframework.boot.test.context.SpringBootTestContextBootstrapper=true}', contextCustomizers = set[org.springframework.boot.test.context.SpringBootTestContextCustomizer@520a3426, org.springframework.boot.test.context.filter.ExcludeFilterContextCustomizer@6c3708b3, org.springframework.boot.test.json.DuplicateJsonObjectContextCustomizerFactory$DuplicateJsonObjectContextCustomizer@67784306, org.springframework.boot.test.mock.mockito.MockitoContextCustomizer@0, org.springframework.boot.test.autoconfigure.properties.PropertyMappingContextCustomizer@0, org.springframework.boot.test.autoconfigure.web.servlet.WebDriverContextCustomizerFactory$Customizer@6ebc05a6], resourceBasePath = 'src/main/webapp', contextLoader = 'org.springframework.boot.test.context.SpringBootContextLoader', parent = [null]]], class annotated with @DirtiesContext [false] with mode [null].
14:27:56.121 [main] DEBUG org.springframework.test.annotation.ProfileValueUtils - Retrieved @ProfileValueSourceConfiguration [null] for test class [com.pancm.ApplicationTests]
14:27:56.121 [main] DEBUG org.springframework.test.annotation.ProfileValueUtils - Retrieved ProfileValueSource type [class org.springframework.test.annotation.SystemProfileValueSource] for class [com.pancm.ApplicationTests]
14:27:56.159 [main] DEBUG org.springframework.core.env.StandardEnvironment - Adding PropertySource 'systemProperties' with lowest search precedence
14:27:56.159 [main] DEBUG org.springframework.core.env.StandardEnvironment - Adding PropertySource 'systemEnvironment' with lowest search precedence
14:27:56.160 [main] DEBUG org.springframework.core.env.StandardEnvironment - Initialized StandardEnvironment with PropertySources [MapPropertySource@1506809545 {name='systemProperties', properties={java.runtime.name=Java(TM) SE Runtime Environment, sun.boot.library.path=C:\Program Files\Java\jdk1.8.0_144\jre\bin, java.vm.version=25.144-b01, java.vm.vendor=Oracle Corporation, java.vendor.url=http://java.oracle.com/, path.separator=;, java.vm.name=Java HotSpot(TM) 64-Bit Server VM, file.encoding.pkg=sun.io, user.country=CN, user.script=, sun.java.launcher=SUN_STANDARD, sun.os.patch.level=, java.vm.specification.name=Java Virtual Machine Specification, user.dir=C:\Users\cola1\Desktop\Study\Java\springBoot-study\springboot-mail, java.runtime.version=1.8.0_144-b01, basedir=C:\Users\cola1\Desktop\Study\Java\springBoot-study\springboot-mail, java.awt.graphicsenv=sun.awt.Win32GraphicsEnvironment, java.endorsed.dirs=C:\Program Files\Java\jdk1.8.0_144\jre\lib\endorsed, os.arch=amd64, surefire.real.class.path=C:\Users\cola1\Desktop\Study\Java\springBoot-study\springboot-mail\target\surefire\surefirebooter145893742816010356.jar, java.io.tmpdir=C:\Users\cola1\AppData\Local\Temp\, line.separator=
, java.vm.specification.vendor=Oracle Corporation, user.variant=, os.name=Windows 10, sun.jnu.encoding=GBK, java.library.path=C:\Program Files\Java\jdk1.8.0_144\jre\bin;C:\Windows\Sun\Java\bin;C:\Windows\system32;C:\Windows;C:\Program Files\Git\mingw64\bin;C:\Program Files\Git\usr\bin;C:\Users\cola1\bin;D:\Program Files (x86)\VMware\VMware Workstation\bin;C:\Python311\Scripts;C:\Python311;C:\ProgramData\Oracle\Java\javapath;C:\Windows\system32;C:\Windows;C:\Windows\System32\Wbem;C:\Windows\System32\WindowsPowerShell\v1.0;C:\Windows\System32\OpenSSH;C:\Program Files\dotnet;C:\Program Files\Git\cmd;C:\Program Files\TortoiseGit\bin;C:\Program Files (x86)\NetSarang\Xftp 7;C:\ProgramData\chocolatey\bin;C:\Program Files (x86)\NetSarang\Xshell 7;C:\Program Files\Java\jdk1.8.0_144\bin;C:\Program Files\Java\jre1.8.0_144\bin;D:\apache-maven-3.8.6\bin;C:\Users\cola1\AppData\Roaming\nvm;C:\Program Files\nodejs;C:\Program Files\Go\bin;D:\Program Files (x86)\Tencent\微信web开发者工具\dll;C:\Program Files\Redis;C:\Users\cola1\.pyenv\pyenv-win\bin;C:\Users\cola1\.pyenv\pyenv-win\shims;C:\Users\cola1\AppData\Local\Programs\Python\Python310\Scripts;C:\Users\cola1\AppData\Local\Programs\Python\Python310;C:\Users\cola1\AppData\Local\Microsoft\WindowsApps;C:\Users\cola1\AppData\Local\Programs\Microsoft VS Code\bin;C:\Users\cola1\.windows-build-tools\python27;D:\Program Files\JetBrains\IntelliJ IDEA Community Edition 2022.1.3\bin;C:\Users\cola1\AppData\Roaming\nvm;C:\Program Files\nodejs;C:\Users\cola1\go\bin;., surefire.test.class.path=C:\Users\cola1\Desktop\Study\Java\springBoot-study\springboot-mail\target\test-classes;C:\Users\cola1\Desktop\Study\Java\springBoot-study\springboot-mail\target\classes;C:\Users\cola1\.m2\repository\org\springframework\boot\spring-boot-starter-web\1.5.9.RELEASE\spring-boot-starter-web-1.5.9.RELEASE.jar;C:\Users\cola1\.m2\repository\org\springframework\boot\spring-boot-starter\1.5.9.RELEASE\spring-boot-starter-1.5.9.RELEASE.jar;C:\Users\cola1\.m2\repository\org\springframework\boot\spring-boot-starter-logging\1.5.9.RELEASE\spring-boot-starter-logging-1.5.9.RELEASE.jar;C:\Users\cola1\.m2\repository\ch\qos\logback\logback-classic\1.1.11\logback-classic-1.1.11.jar;C:\Users\cola1\.m2\repository\ch\qos\logback\logback-core\1.1.11\logback-core-1.1.11.jar;C:\Users\cola1\.m2\repository\org\slf4j\jcl-over-slf4j\1.7.25\jcl-over-slf4j-1.7.25.jar;C:\Users\cola1\.m2\repository\org\slf4j\jul-to-slf4j\1.7.25\jul-to-slf4j-1.7.25.jar;C:\Users\cola1\.m2\repository\org\slf4j\log4j-over-slf4j\1.7.25\log4j-over-slf4j-1.7.25.jar;C:\Users\cola1\.m2\repository\org\yaml\snakeyaml\1.17\snakeyaml-1.17.jar;C:\Users\cola1\.m2\repository\org\springframework\boot\spring-boot-starter-tomcat\1.5.9.RELEASE\spring-boot-starter-tomcat-1.5.9.RELEASE.jar;C:\Users\cola1\.m2\repository\org\apache\tomcat\embed\tomcat-embed-core\8.5.23\tomcat-embed-core-8.5.23.jar;C:\Users\cola1\.m2\repository\org\apache\tomcat\tomcat-annotations-api\8.5.23\tomcat-annotations-api-8.5.23.jar;C:\Users\cola1\.m2\repository\org\apache\tomcat\embed\tomcat-embed-el\8.5.23\tomcat-embed-el-8.5.23.jar;C:\Users\cola1\.m2\repository\org\apache\tomcat\embed\tomcat-embed-websocket\8.5.23\tomcat-embed-websocket-8.5.23.jar;C:\Users\cola1\.m2\repository\org\hibernate\hibernate-validator\5.3.6.Final\hibernate-validator-5.3.6.Final.jar;C:\Users\cola1\.m2\repository\javax\validation\validation-api\1.1.0.Final\validation-api-1.1.0.Final.jar;C:\Users\cola1\.m2\repository\org\jboss\logging\jboss-logging\3.3.1.Final\jboss-logging-3.3.1.Final.jar;C:\Users\cola1\.m2\repository\com\fasterxml\classmate\1.3.4\classmate-1.3.4.jar;C:\Users\cola1\.m2\repository\com\fasterxml\jackson\core\jackson-databind\2.8.10\jackson-databind-2.8.10.jar;C:\Users\cola1\.m2\repository\com\fasterxml\jackson\core\jackson-annotations\2.8.0\jackson-annotations-2.8.0.jar;C:\Users\cola1\.m2\repository\com\fasterxml\jackson\core\jackson-core\2.8.10\jackson-core-2.8.10.jar;C:\Users\cola1\.m2\repository\org\springframework\spring-web\4.3.13.RELEASE\spring-web-4.3.13.RELEASE.jar;C:\Users\cola1\.m2\repository\org\springframework\spring-aop\4.3.13.RELEASE\spring-aop-4.3.13.RELEASE.jar;C:\Users\cola1\.m2\repository\org\springframework\spring-webmvc\4.3.13.RELEASE\spring-webmvc-4.3.13.RELEASE.jar;C:\Users\cola1\.m2\repository\org\springframework\spring-expression\4.3.13.RELEASE\spring-expression-4.3.13.RELEASE.jar;C:\Users\cola1\.m2\repository\org\springframework\boot\spring-boot-starter-test\1.5.9.RELEASE\spring-boot-starter-test-1.5.9.RELEASE.jar;C:\Users\cola1\.m2\repository\org\springframework\boot\spring-boot-test\1.5.9.RELEASE\spring-boot-test-1.5.9.RELEASE.jar;C:\Users\cola1\.m2\repository\org\springframework\boot\spring-boot-test-autoconfigure\1.5.9.RELEASE\spring-boot-test-autoconfigure-1.5.9.RELEASE.jar;C:\Users\cola1\.m2\repository\com\jayway\jsonpath\json-path\2.2.0\json-path-2.2.0.jar;C:\Users\cola1\.m2\repository\net\minidev\json-smart\2.2.1\json-smart-2.2.1.jar;C:\Users\cola1\.m2\repository\net\minidev\accessors-smart\1.1\accessors-smart-1.1.jar;C:\Users\cola1\.m2\repository\org\ow2\asm\asm\5.0.3\asm-5.0.3.jar;C:\Users\cola1\.m2\repository\org\slf4j\slf4j-api\1.7.25\slf4j-api-1.7.25.jar;C:\Users\cola1\.m2\repository\junit\junit\4.12\junit-4.12.jar;C:\Users\cola1\.m2\repository\org\assertj\assertj-core\2.6.0\assertj-core-2.6.0.jar;C:\Users\cola1\.m2\repository\org\mockito\mockito-core\1.10.19\mockito-core-1.10.19.jar;C:\Users\cola1\.m2\repository\org\objenesis\objenesis\2.1\objenesis-2.1.jar;C:\Users\cola1\.m2\repository\org\hamcrest\hamcrest-core\1.3\hamcrest-core-1.3.jar;C:\Users\cola1\.m2\repository\org\hamcrest\hamcrest-library\1.3\hamcrest-library-1.3.jar;C:\Users\cola1\.m2\repository\org\skyscreamer\jsonassert\1.4.0\jsonassert-1.4.0.jar;C:\Users\cola1\.m2\repository\com\vaadin\external\google\android-json\0.0.20131108.vaadin1\android-json-0.0.20131108.vaadin1.jar;C:\Users\cola1\.m2\repository\org\springframework\spring-core\4.3.13.RELEASE\spring-core-4.3.13.RELEASE.jar;C:\Users\cola1\.m2\repository\org\springframework\spring-test\4.3.13.RELEASE\spring-test-4.3.13.RELEASE.jar;C:\Users\cola1\.m2\repository\org\springframework\boot\spring-boot-starter-mail\1.5.9.RELEASE\spring-boot-starter-mail-1.5.9.RELEASE.jar;C:\Users\cola1\.m2\repository\org\springframework\spring-context\4.3.13.RELEASE\spring-context-4.3.13.RELEASE.jar;C:\Users\cola1\.m2\repository\com\sun\mail\javax.mail\1.5.6\javax.mail-1.5.6.jar;C:\Users\cola1\.m2\repository\javax\activation\activation\1.1\activation-1.1.jar;C:\Users\cola1\.m2\repository\org\springframework\boot\spring-boot-starter-thymeleaf\1.5.9.RELEASE\spring-boot-starter-thymeleaf-1.5.9.RELEASE.jar;C:\Users\cola1\.m2\repository\org\thymeleaf\thymeleaf-spring4\2.1.6.RELEASE\thymeleaf-spring4-2.1.6.RELEASE.jar;C:\Users\cola1\.m2\repository\org\thymeleaf\thymeleaf\2.1.6.RELEASE\thymeleaf-2.1.6.RELEASE.jar;C:\Users\cola1\.m2\repository\ognl\ognl\3.0.8\ognl-3.0.8.jar;C:\Users\cola1\.m2\repository\org\javassist\javassist\3.21.0-GA\javassist-3.21.0-GA.jar;C:\Users\cola1\.m2\repository\org\unbescape\unbescape\1.1.0.RELEASE\unbescape-1.1.0.RELEASE.jar;C:\Users\cola1\.m2\repository\nz\net\ultraq\thymeleaf\thymeleaf-layout-dialect\1.4.0\thymeleaf-layout-dialect-1.4.0.jar;C:\Users\cola1\.m2\repository\org\codehaus\groovy\groovy\2.4.13\groovy-2.4.13.jar;C:\Users\cola1\.m2\repository\org\springframework\spring-context-support\4.3.13.RELEASE\spring-context-support-4.3.13.RELEASE.jar;C:\Users\cola1\.m2\repository\org\springframework\spring-beans\4.3.13.RELEASE\spring-beans-4.3.13.RELEASE.jar;C:\Users\cola1\.m2\repository\org\springframework\boot\spring-boot-devtools\1.5.9.RELEASE\spring-boot-devtools-1.5.9.RELEASE.jar;C:\Users\cola1\.m2\repository\org\springframework\boot\spring-boot\1.5.9.RELEASE\spring-boot-1.5.9.RELEASE.jar;C:\Users\cola1\.m2\repository\org\springframework\boot\spring-boot-autoconfigure\1.5.9.RELEASE\spring-boot-autoconfigure-1.5.9.RELEASE.jar;, java.specification.name=Java Platform API Specification, java.class.version=52.0, sun.management.compiler=HotSpot 64-Bit Tiered Compilers, os.version=10.0, user.home=C:\Users\cola1, user.timezone=Asia/Shanghai, java.awt.printerjob=sun.awt.windows.WPrinterJob, file.encoding=GBK, java.specification.version=1.8, java.class.path=C:\Users\cola1\Desktop\Study\Java\springBoot-study\springboot-mail\target\test-classes;C:\Users\cola1\Desktop\Study\Java\springBoot-study\springboot-mail\target\classes;C:\Users\cola1\.m2\repository\org\springframework\boot\spring-boot-starter-web\1.5.9.RELEASE\spring-boot-starter-web-1.5.9.RELEASE.jar;C:\Users\cola1\.m2\repository\org\springframework\boot\spring-boot-starter\1.5.9.RELEASE\spring-boot-starter-1.5.9.RELEASE.jar;C:\Users\cola1\.m2\repository\org\springframework\boot\spring-boot-starter-logging\1.5.9.RELEASE\spring-boot-starter-logging-1.5.9.RELEASE.jar;C:\Users\cola1\.m2\repository\ch\qos\logback\logback-classic\1.1.11\logback-classic-1.1.11.jar;C:\Users\cola1\.m2\repository\ch\qos\logback\logback-core\1.1.11\logback-core-1.1.11.jar;C:\Users\cola1\.m2\repository\org\slf4j\jcl-over-slf4j\1.7.25\jcl-over-slf4j-1.7.25.jar;C:\Users\cola1\.m2\repository\org\slf4j\jul-to-slf4j\1.7.25\jul-to-slf4j-1.7.25.jar;C:\Users\cola1\.m2\repository\org\slf4j\log4j-over-slf4j\1.7.25\log4j-over-slf4j-1.7.25.jar;C:\Users\cola1\.m2\repository\org\yaml\snakeyaml\1.17\snakeyaml-1.17.jar;C:\Users\cola1\.m2\repository\org\springframework\boot\spring-boot-starter-tomcat\1.5.9.RELEASE\spring-boot-starter-tomcat-1.5.9.RELEASE.jar;C:\Users\cola1\.m2\repository\org\apache\tomcat\embed\tomcat-embed-core\8.5.23\tomcat-embed-core-8.5.23.jar;C:\Users\cola1\.m2\repository\org\apache\tomcat\tomcat-annotations-api\8.5.23\tomcat-annotations-api-8.5.23.jar;C:\Users\cola1\.m2\repository\org\apache\tomcat\embed\tomcat-embed-el\8.5.23\tomcat-embed-el-8.5.23.jar;C:\Users\cola1\.m2\repository\org\apache\tomcat\embed\tomcat-embed-websocket\8.5.23\tomcat-embed-websocket-8.5.23.jar;C:\Users\cola1\.m2\repository\org\hibernate\hibernate-validator\5.3.6.Final\hibernate-validator-5.3.6.Final.jar;C:\Users\cola1\.m2\repository\javax\validation\validation-api\1.1.0.Final\validation-api-1.1.0.Final.jar;C:\Users\cola1\.m2\repository\org\jboss\logging\jboss-logging\3.3.1.Final\jboss-logging-3.3.1.Final.jar;C:\Users\cola1\.m2\repository\com\fasterxml\classmate\1.3.4\classmate-1.3.4.jar;C:\Users\cola1\.m2\repository\com\fasterxml\jackson\core\jackson-databind\2.8.10\jackson-databind-2.8.10.jar;C:\Users\cola1\.m2\repository\com\fasterxml\jackson\core\jackson-annotations\2.8.0\jackson-annotations-2.8.0.jar;C:\Users\cola1\.m2\repository\com\fasterxml\jackson\core\jackson-core\2.8.10\jackson-core-2.8.10.jar;C:\Users\cola1\.m2\repository\org\springframework\spring-web\4.3.13.RELEASE\spring-web-4.3.13.RELEASE.jar;C:\Users\cola1\.m2\repository\org\springframework\spring-aop\4.3.13.RELEASE\spring-aop-4.3.13.RELEASE.jar;C:\Users\cola1\.m2\repository\org\springframework\spring-webmvc\4.3.13.RELEASE\spring-webmvc-4.3.13.RELEASE.jar;C:\Users\cola1\.m2\repository\org\springframework\spring-expression\4.3.13.RELEASE\spring-expression-4.3.13.RELEASE.jar;C:\Users\cola1\.m2\repository\org\springframework\boot\spring-boot-starter-test\1.5.9.RELEASE\spring-boot-starter-test-1.5.9.RELEASE.jar;C:\Users\cola1\.m2\repository\org\springframework\boot\spring-boot-test\1.5.9.RELEASE\spring-boot-test-1.5.9.RELEASE.jar;C:\Users\cola1\.m2\repository\org\springframework\boot\spring-boot-test-autoconfigure\1.5.9.RELEASE\spring-boot-test-autoconfigure-1.5.9.RELEASE.jar;C:\Users\cola1\.m2\repository\com\jayway\jsonpath\json-path\2.2.0\json-path-2.2.0.jar;C:\Users\cola1\.m2\repository\net\minidev\json-smart\2.2.1\json-smart-2.2.1.jar;C:\Users\cola1\.m2\repository\net\minidev\accessors-smart\1.1\accessors-smart-1.1.jar;C:\Users\cola1\.m2\repository\org\ow2\asm\asm\5.0.3\asm-5.0.3.jar;C:\Users\cola1\.m2\repository\org\slf4j\slf4j-api\1.7.25\slf4j-api-1.7.25.jar;C:\Users\cola1\.m2\repository\junit\junit\4.12\junit-4.12.jar;C:\Users\cola1\.m2\repository\org\assertj\assertj-core\2.6.0\assertj-core-2.6.0.jar;C:\Users\cola1\.m2\repository\org\mockito\mockito-core\1.10.19\mockito-core-1.10.19.jar;C:\Users\cola1\.m2\repository\org\objenesis\objenesis\2.1\objenesis-2.1.jar;C:\Users\cola1\.m2\repository\org\hamcrest\hamcrest-core\1.3\hamcrest-core-1.3.jar;C:\Users\cola1\.m2\repository\org\hamcrest\hamcrest-library\1.3\hamcrest-library-1.3.jar;C:\Users\cola1\.m2\repository\org\skyscreamer\jsonassert\1.4.0\jsonassert-1.4.0.jar;C:\Users\cola1\.m2\repository\com\vaadin\external\google\android-json\0.0.20131108.vaadin1\android-json-0.0.20131108.vaadin1.jar;C:\Users\cola1\.m2\repository\org\springframework\spring-core\4.3.13.RELEASE\spring-core-4.3.13.RELEASE.jar;C:\Users\cola1\.m2\repository\org\springframework\spring-test\4.3.13.RELEASE\spring-test-4.3.13.RELEASE.jar;C:\Users\cola1\.m2\repository\org\springframework\boot\spring-boot-starter-mail\1.5.9.RELEASE\spring-boot-starter-mail-1.5.9.RELEASE.jar;C:\Users\cola1\.m2\repository\org\springframework\spring-context\4.3.13.RELEASE\spring-context-4.3.13.RELEASE.jar;C:\Users\cola1\.m2\repository\com\sun\mail\javax.mail\1.5.6\javax.mail-1.5.6.jar;C:\Users\cola1\.m2\repository\javax\activation\activation\1.1\activation-1.1.jar;C:\Users\cola1\.m2\repository\org\springframework\boot\spring-boot-starter-thymeleaf\1.5.9.RELEASE\spring-boot-starter-thymeleaf-1.5.9.RELEASE.jar;C:\Users\cola1\.m2\repository\org\thymeleaf\thymeleaf-spring4\2.1.6.RELEASE\thymeleaf-spring4-2.1.6.RELEASE.jar;C:\Users\cola1\.m2\repository\org\thymeleaf\thymeleaf\2.1.6.RELEASE\thymeleaf-2.1.6.RELEASE.jar;C:\Users\cola1\.m2\repository\ognl\ognl\3.0.8\ognl-3.0.8.jar;C:\Users\cola1\.m2\repository\org\javassist\javassist\3.21.0-GA\javassist-3.21.0-GA.jar;C:\Users\cola1\.m2\repository\org\unbescape\unbescape\1.1.0.RELEASE\unbescape-1.1.0.RELEASE.jar;C:\Users\cola1\.m2\repository\nz\net\ultraq\thymeleaf\thymeleaf-layout-dialect\1.4.0\thymeleaf-layout-dialect-1.4.0.jar;C:\Users\cola1\.m2\repository\org\codehaus\groovy\groovy\2.4.13\groovy-2.4.13.jar;C:\Users\cola1\.m2\repository\org\springframework\spring-context-support\4.3.13.RELEASE\spring-context-support-4.3.13.RELEASE.jar;C:\Users\cola1\.m2\repository\org\springframework\spring-beans\4.3.13.RELEASE\spring-beans-4.3.13.RELEASE.jar;C:\Users\cola1\.m2\repository\org\springframework\boot\spring-boot-devtools\1.5.9.RELEASE\spring-boot-devtools-1.5.9.RELEASE.jar;C:\Users\cola1\.m2\repository\org\springframework\boot\spring-boot\1.5.9.RELEASE\spring-boot-1.5.9.RELEASE.jar;C:\Users\cola1\.m2\repository\org\springframework\boot\spring-boot-autoconfigure\1.5.9.RELEASE\spring-boot-autoconfigure-1.5.9.RELEASE.jar;, user.name=cola1, java.vm.specification.version=1.8, sun.java.command=C:\Users\cola1\Desktop\Study\Java\springBoot-study\springboot-mail\target\surefire\surefirebooter145893742816010356.jar C:\Users\cola1\Desktop\Study\Java\springBoot-study\springboot-mail\target\surefire\surefire8331146351105245221tmp C:\Users\cola1\Desktop\Study\Java\springBoot-study\springboot-mail\target\surefire\surefire_05912693338484226999tmp, java.home=C:\Program Files\Java\jdk1.8.0_144\jre, sun.arch.data.model=64, user.language=zh, java.specification.vendor=Oracle Corporation, awt.toolkit=sun.awt.windows.WToolkit, java.vm.info=mixed mode, java.version=1.8.0_144, java.ext.dirs=C:\Program Files\Java\jdk1.8.0_144\jre\lib\ext;C:\Windows\Sun\Java\lib\ext, sun.boot.class.path=C:\Program Files\Java\jdk1.8.0_144\jre\lib\resources.jar;C:\Program Files\Java\jdk1.8.0_144\jre\lib\rt.jar;C:\Program Files\Java\jdk1.8.0_144\jre\lib\sunrsasign.jar;C:\Program Files\Java\jdk1.8.0_144\jre\lib\jsse.jar;C:\Program Files\Java\jdk1.8.0_144\jre\lib\jce.jar;C:\Program Files\Java\jdk1.8.0_144\jre\lib\charsets.jar;C:\Program Files\Java\jdk1.8.0_144\jre\lib\jfr.jar;C:\Program Files\Java\jdk1.8.0_144\jre\classes, java.vendor=Oracle Corporation, localRepository=C:\Users\cola1\.m2\repository, file.separator=\, java.vendor.url.bug=http://bugreport.sun.com/bugreport/, sun.io.unicode.encoding=UnicodeLittle, sun.cpu.endian=little, sun.desktop=windows, sun.cpu.isalist=amd64}}, SystemEnvironmentPropertySource@1019384604 {name='systemEnvironment', properties={PATH=C:\Program Files\Git\mingw64\bin;C:\Program Files\Git\usr\bin;C:\Users\cola1\bin;D:\Program Files (x86)\VMware\VMware Workstation\bin;C:\Python311\Scripts;C:\Python311;C:\ProgramData\Oracle\Java\javapath;C:\Windows\system32;C:\Windows;C:\Windows\System32\Wbem;C:\Windows\System32\WindowsPowerShell\v1.0;C:\Windows\System32\OpenSSH;C:\Program Files\dotnet;C:\Program Files\Git\cmd;C:\Program Files\TortoiseGit\bin;C:\Program Files (x86)\NetSarang\Xftp 7;C:\ProgramData\chocolatey\bin;C:\Program Files (x86)\NetSarang\Xshell 7;C:\Program Files\Java\jdk1.8.0_144\bin;C:\Program Files\Java\jre1.8.0_144\bin;D:\apache-maven-3.8.6\bin;C:\Users\cola1\AppData\Roaming\nvm;C:\Program Files\nodejs;C:\Program Files\Go\bin;D:\Program Files (x86)\Tencent\微信web开发者工具\dll;C:\Program Files\Redis;C:\Users\cola1\.pyenv\pyenv-win\bin;C:\Users\cola1\.pyenv\pyenv-win\shims;C:\Users\cola1\AppData\Local\Programs\Python\Python310\Scripts;C:\Users\cola1\AppData\Local\Programs\Python\Python310;C:\Users\cola1\AppData\Local\Microsoft\WindowsApps;C:\Users\cola1\AppData\Local\Programs\Microsoft VS Code\bin;C:\Users\cola1\.windows-build-tools\python27;D:\Program Files\JetBrains\IntelliJ IDEA Community Edition 2022.1.3\bin;C:\Users\cola1\AppData\Roaming\nvm;C:\Program Files\nodejs;C:\Users\cola1\go\bin, USERDOMAIN_ROAMINGPROFILE=GUANXH, JAVA_HOME_JRE=C:\Program Files\Java\jre1.8.0_144, NVM_SYMLINK=C:\Program Files\nodejs, PROCESSOR_LEVEL=6, SYSTEMDRIVE=C:, SESSIONNAME=Console, ALLUSERSPROFILE=C:\ProgramData, PROCESSOR_ARCHITECTURE=AMD64, GATEWAY_VM_OPTIONS=D:\jetbra\vmoptions\gateway.vmoptions, DRIVERDATA=C:\Windows\System32\Drivers\DriverData, PROGRAMFILES=C:\Program Files, MOZ_PLUGIN_PATH=C:\Program Files (x86)\Foxit Software\Foxit PDF Reader\plugins\, PSMODULEPATH=C:\Program Files\WindowsPowerShell\Modules;C:\Windows\system32\WindowsPowerShell\v1.0\Modules, RIDER_VM_OPTIONS=D:\jetbra\vmoptions\rider.vmoptions, PROGRAMDATA=C:\ProgramData, CHOCOLATEYLASTPATHUPDATE=132957301595852120, USERNAME=cola1, DEVECOSTUDIO_VM_OPTIONS=D:\jetbra\vmoptions\devecostudio.vmoptions, POSTMAN_DISABLE_GPU=true, PWD=C:/Users/cola1/Desktop/Study/Java/springBoot-study/springboot-mail, STUDIO_VM_OPTIONS=D:\jetbra\vmoptions\studio.vmoptions, ONEDRIVE=C:\Users\cola1\OneDrive, PATHEXT=.COM;.EXE;.BAT;.CMD;.VBS;.VBE;.JS;.JSE;.WSF;.WSH;.MSC;.PY;.PYW, APPCODE_VM_OPTIONS=D:\jetbra\vmoptions\appcode.vmoptions, ONEDRIVECONSUMER=C:\Users\cola1\OneDrive, PYENV_HOME=C:\Users\cola1\.pyenv\pyenv-win\, PYENV_ROOT=C:\Users\cola1\.pyenv\pyenv-win\, GOPATH=C:\Users\cola1\go, OLDPWD=C:/Users/cola1/Desktop/Study/Java/springBoot-study/springboot-mail, WINDIR=C:\Windows, DATASPELL_VM_OPTIONS=D:\jetbra\vmoptions\dataspell.vmoptions, HOMEPATH=\Users\cola1, PYENV=C:\Users\cola1\.pyenv\pyenv-win\, TERM_SESSION_ID=2f3054e7-9594-46ba-9c2b-cca8b535c5fb, PROCESSOR_IDENTIFIER=Intel64 Family 6 Model 154 Stepping 3, GenuineIntel, M2_HOME=D:\apache-maven-3.8.6, PUBLIC=C:\Users\Public, =::=::\, EXEPATH=C:\Program Files\Git\bin, SHLVL=1, ZES_ENABLE_SYSMAN=1, DATAGRIP_VM_OPTIONS=D:\jetbra\vmoptions\datagrip.vmoptions, LOCALAPPDATA=C:\Users\cola1\AppData\Local, COMMONPROGRAMFILES(X86)=C:\Program Files (x86)\Common Files, USERDOMAIN=GUANXH, LOGONSERVER=\\GUANXH, PYCHARM_VM_OPTIONS=D:\jetbra\vmoptions\pycharm.vmoptions, WEBSTORM_VM_OPTIONS=D:\jetbra\vmoptions\webstorm.vmoptions, JAVA_HOME=C:/Program Files/Java/jdk1.8.0_144, PLINK_PROTOCOL=ssh, PROMPT=$P$G, CLION_VM_OPTIONS=D:\jetbra\vmoptions\clion.vmoptions, JETBRAINSCLIENT_VM_OPTIONS=D:\jetbra\vmoptions\jetbrainsclient.vmoptions, PROGRAMFILES(X86)=C:\Program Files (x86), TERM=xterm-256color, ASL.LOG=Destination=file, GOLAND_VM_OPTIONS=D:\jetbra\vmoptions\goland.vmoptions, MSYSTEM=MINGW64, =C:=C:\Users\cola1\Desktop\Study\Java\springBoot-study\springboot-mail, APPDATA=C:\Users\cola1\AppData\Roaming, IDEA_VM_OPTIONS=D:\jetbra\vmoptions\idea.vmoptions, PROGRAMW6432=C:\Program Files, SYSTEMROOT=C:\Windows, CHOCOLATEYINSTALL=C:\ProgramData\chocolatey, RUBYMINE_VM_OPTIONS=D:\jetbra\vmoptions\rubymine.vmoptions, JETBRAINS_CLIENT_VM_OPTIONS=D:\jetbra\vmoptions\jetbrains_client.vmoptions, MAVEN_CMD_LINE_ARGS= clean install -U, OS=Windows_NT, COMMONPROGRAMW6432=C:\Program Files\Common Files, COMPUTERNAME=GUANXH, INTELLIJ IDEA COMMUNITY EDITION=D:\Program Files\JetBrains\IntelliJ IDEA Community Edition 2022.1.3\bin;, COMMONPROGRAMFILES=C:\Program Files\Common Files, COMSPEC=C:\Windows\system32\cmd.exe, MAVEN_PROJECTBASEDIR=C:/Users/cola1/Desktop/Study/Java/springBoot-study/springboot-mail, NVM_HOME=C:\Users\cola1\AppData\Roaming\nvm, PROCESSOR_REVISION=9a03, CLASSPATH=.;JAVA_HOME%\lib;C:\Program Files\Java\jdk1.8.0_144\lib\dt.jar;C:\Program Files\Java\jdk1.8.0_144\lib\tools.jar, TERMINAL_EMULATOR=JetBrains-JediTerm, TEMP=C:\Users\cola1\AppData\Local\Temp, WEBIDE_VM_OPTIONS=D:\jetbra\vmoptions\webide.vmoptions, HOMEDRIVE=C:, USERPROFILE=C:\Users\cola1, TMP=C:\Users\cola1\AppData\Local\Temp, NUMBER_OF_PROCESSORS=16, PHPSTORM_VM_OPTIONS=D:\jetbra\vmoptions\phpstorm.vmoptions, IDEA_INITIAL_DIRECTORY=C:\Program Files\JetBrains\IntelliJ IDEA 2023.1.1\bin, HOME=C:\Users\cola1}}]
14:27:56.161 [main] DEBUG org.springframework.core.env.MutablePropertySources - Adding PropertySource 'inline' with highest search precedence
14:27:56.164 [main] DEBUG org.springframework.test.context.support.TestPropertySourceUtils - Adding inlined properties to environment: {spring.jmx.enabled=false, org.springframework.boot.test.context.SpringBootTestContextBootstrapper=true, server.port=-1}
14:27:56.165 [main] DEBUG org.springframework.core.env.StandardEnvironment - Adding PropertySource 'Inlined Test Properties' with highest search precedence

  .   ____          _            __ _ _
 /\\ / ___'_ __ _ _(_)_ __  __ _ \ \ \ \
( ( )\___ | '_ | '_| | '_ \/ _` | \ \ \ \
 \\/  ___)| |_)| | | | | || (_| |  ) ) ) )
  '  |____| .__|_| |_|_| |_\__, | / / / /
 =========|_|==============|___/=/_/_/_/
 :: Spring Boot ::        (v1.5.9.RELEASE)

2024-03-08 14:27:56.318  INFO 27396 --- [           main] com.pancm.ApplicationTests               : Starting ApplicationTests on guanxh with PID 27396 (started by cola1 in C:\Users\cola1\Desktop\Study\Java\springBoot-study\springboot-mail)
2024-03-08 14:27:56.319  INFO 27396 --- [           main] com.pancm.ApplicationTests               : No active profile set, falling back to default profiles: default
2024-03-08 14:27:56.431  INFO 27396 --- [           main] o.s.w.c.s.GenericWebApplicationContext   : Refreshing org.springframework.web.context.support.GenericWebApplicationContext@67080771: startup date [Fri Mar 08 14:27:56 CST 2024]; root of context hierarchy
2024-03-08 14:27:57.339  INFO 27396 --- [           main] s.w.s.m.m.a.RequestMappingHandlerAdapter : Looking for @ControllerAdvice: org.springframework.web.context.support.GenericWebApplicationContext@67080771: startup date [Fri Mar 08 14:27:56 CST 2024]; root of context hierarchy
2024-03-08 14:27:57.397  INFO 27396 --- [           main] s.w.s.m.m.a.RequestMappingHandlerMapping : Mapped "{[/api/mail/sendAttachments],methods=[POST]}" onto public java.lang.String com.pancm.web.MailController.sendAttachmentsMail(com.pancm.pojo.Mail) throws javax.mail.MessagingException
2024-03-08 14:27:57.398  INFO 27396 --- [           main] s.w.s.m.m.a.RequestMappingHandlerMapping : Mapped "{[/api/mail/sendMail],methods=[POST]}" onto public java.lang.String com.pancm.web.MailController.sendMail(com.pancm.pojo.Mail)
2024-03-08 14:27:57.399  INFO 27396 --- [           main] s.w.s.m.m.a.RequestMappingHandlerMapping : Mapped "{[/api/mail/sendInlineMail],methods=[POST]}" onto public java.lang.String com.pancm.web.MailController.sendInlineMail(com.pancm.pojo.Mail) throws java.lang.Exception
2024-03-08 14:27:57.399  INFO 27396 --- [           main] s.w.s.m.m.a.RequestMappingHandlerMapping : Mapped "{[/api/mail/sendTemplateMail],methods=[POST]}" onto public void com.pancm.web.MailController.sendTemplateMail(com.pancm.pojo.Mail) throws java.lang.Exception
2024-03-08 14:27:57.401  INFO 27396 --- [           main] s.w.s.m.m.a.RequestMappingHandlerMapping : Mapped "{[/error]}" onto public org.springframework.http.ResponseEntity<java.util.Map<java.lang.String, java.lang.Object>> org.springframework.boot.autoconfigure.web.BasicErrorController.error(javax.servlet.http.HttpServletRequest)
2024-03-08 14:27:57.401  INFO 27396 --- [           main] s.w.s.m.m.a.RequestMappingHandlerMapping : Mapped "{[/error],produces=[text/html]}" onto public org.springframework.web.servlet.ModelAndView org.springframework.boot.autoconfigure.web.BasicErrorController.errorHtml(javax.servlet.http.HttpServletRequest,javax.servlet.http.HttpServletResponse)
2024-03-08 14:27:57.434  INFO 27396 --- [           main] o.s.w.s.handler.SimpleUrlHandlerMapping  : Mapped URL path [/webjars/**] onto handler of type [class org.springframework.web.servlet.resource.ResourceHttpRequestHandler]
2024-03-08 14:27:57.434  INFO 27396 --- [           main] o.s.w.s.handler.SimpleUrlHandlerMapping  : Mapped URL path [/**] onto handler of type [class org.springframework.web.servlet.resource.ResourceHttpRequestHandler]
2024-03-08 14:27:57.461  INFO 27396 --- [           main] o.s.w.s.handler.SimpleUrlHandlerMapping  : Mapped URL path [/**/favicon.ico] onto handler of type [class org.springframework.web.servlet.resource.ResourceHttpRequestHandler]
2024-03-08 14:27:57.594  INFO 27396 --- [           main] com.pancm.ApplicationTests               : Started ApplicationTests in 1.423 seconds (JVM running for 1.794)
]]></system-out>
  </testcase>
</testsuite>